Command line invocation:
    /Applications/Xcode.app/Contents/Developer/usr/bin/xcodebuild -project BrewPackageManager.xcodeproj -scheme BrewPackageManager -configuration Debug clean build

2026-01-04 12:08:54.297 xcodebuild[62997:4536606] [MT] IDERunDestination: Supported platforms for the buildables in the current scheme is empty.
--- xcodebuild: WARNING: Using the first of multiple matching destinations:
{ platform:macOS, arch:arm64, id:00008122-00196124347A001C, name:My Mac }
{ platform:macOS, arch:x86_64, id:00008122-00196124347A001C, name:My Mac }
{ platform:macOS, name:Any Mac }
CreateBuildRequest

SendProjectDescription

CreateBuildOperation

** CLEAN SUCCEEDED **

--- xcodebuild: WARNING: Using the first of multiple matching destinations:
{ platform:macOS, arch:arm64, id:00008122-00196124347A001C, name:My Mac }
{ platform:macOS, arch:x86_64, id:00008122-00196124347A001C, name:My Mac }
{ platform:macOS, name:Any Mac }
ComputePackagePrebuildTargetDependencyGraph

Prepare packages

CreateBuildRequest

SendProjectDescription

CreateBuildOperation

ComputeTargetDependencyGraph
note: Building targets in dependency order
note: Target dependency graph (1 target)
    Target 'BrewPackageManager' in project 'BrewPackageManager' (no dependencies)

GatherProvisioningInputs

CreateBuildDescription

ExecuteExternalTool /Applications/Xcode.app/Contents/Developer/Toolchains/XcodeDefault.xctoolchain/usr/bin/clang -v -E -dM -isysroot /Applications/Xcode.app/Contents/Developer/Platforms/MacOSX.platform/Developer/SDKs/MacOSX26.2.sdk -x c -c /dev/null

ExecuteExternalTool /Applications/Xcode.app/Contents/Developer/usr/bin/actool --version --output-format xml1

ExecuteExternalTool /Applications/Xcode.app/Contents/Developer/Toolchains/XcodeDefault.xctoolchain/usr/bin/swiftc --version

ExecuteExternalTool /Applications/Xcode.app/Contents/Developer/Toolchains/XcodeDefault.xctoolchain/usr/bin/ld -version_details

Build description signature: 962b1329043dd81cfb0f2946e2978795
Build description path: /Users/00b/Library/Developer/Xcode/DerivedData/BrewPackageManager-bupfwhlthlwasaebrplbxtjhofih/Build/Intermediates.noindex/XCBuildData/962b1329043dd81cfb0f2946e2978795.xcbuilddata
ClangStatCache /Applications/Xcode.app/Contents/Developer/Toolchains/XcodeDefault.xctoolchain/usr/bin/clang-stat-cache /Applications/Xcode.app/Contents/Developer/Platforms/MacOSX.platform/Developer/SDKs/MacOSX26.2.sdk /Users/00b/Library/Developer/Xcode/DerivedData/SDKStatCaches.noindex/macosx26.2-25C57-00fa09913b459cbbc988d1f6730289ae.sdkstatcache
    cd /Users/00b/Desktop/homebrew/BrewPackageManager/BrewPackageManager/BrewPackageManager.xcodeproj
    /Applications/Xcode.app/Contents/Developer/Toolchains/XcodeDefault.xctoolchain/usr/bin/clang-stat-cache /Applications/Xcode.app/Contents/Developer/Platforms/MacOSX.platform/Developer/SDKs/MacOSX26.2.sdk -o /Users/00b/Library/Developer/Xcode/DerivedData/SDKStatCaches.noindex/macosx26.2-25C57-00fa09913b459cbbc988d1f6730289ae.sdkstatcache

CreateBuildDirectory /Users/00b/Library/Developer/Xcode/DerivedData/BrewPackageManager-bupfwhlthlwasaebrplbxtjhofih/Build/Products
    cd /Users/00b/Desktop/homebrew/BrewPackageManager/BrewPackageManager/BrewPackageManager.xcodeproj
    builtin-create-build-directory /Users/00b/Library/Developer/Xcode/DerivedData/BrewPackageManager-bupfwhlthlwasaebrplbxtjhofih/Build/Products

CreateBuildDirectory /Users/00b/Library/Developer/Xcode/DerivedData/BrewPackageManager-bupfwhlthlwasaebrplbxtjhofih/Build/Intermediates.noindex
    cd /Users/00b/Desktop/homebrew/BrewPackageManager/BrewPackageManager/BrewPackageManager.xcodeproj
    builtin-create-build-directory /Users/00b/Library/Developer/Xcode/DerivedData/BrewPackageManager-bupfwhlthlwasaebrplbxtjhofih/Build/Intermediates.noindex

CreateBuildDirectory /Users/00b/Library/Developer/Xcode/DerivedData/BrewPackageManager-bupfwhlthlwasaebrplbxtjhofih/Build/Intermediates.noindex/SwiftExplicitPrecompiledModules
    cd /Users/00b/Desktop/homebrew/BrewPackageManager/BrewPackageManager/BrewPackageManager.xcodeproj
    builtin-create-build-directory /Users/00b/Library/Developer/Xcode/DerivedData/BrewPackageManager-bupfwhlthlwasaebrplbxtjhofih/Build/Intermediates.noindex/SwiftExplicitPrecompiledModules

CreateBuildDirectory /Users/00b/Library/Developer/Xcode/DerivedData/BrewPackageManager-bupfwhlthlwasaebrplbxtjhofih/Build/Intermediates.noindex/ExplicitPrecompiledModules
    cd /Users/00b/Desktop/homebrew/BrewPackageManager/BrewPackageManager/BrewPackageManager.xcodeproj
    builtin-create-build-directory /Users/00b/Library/Developer/Xcode/DerivedData/BrewPackageManager-bupfwhlthlwasaebrplbxtjhofih/Build/Intermediates.noindex/ExplicitPrecompiledModules

CreateBuildDirectory /Users/00b/Library/Developer/Xcode/DerivedData/BrewPackageManager-bupfwhlthlwasaebrplbxtjhofih/Build/Products/Debug
    cd /Users/00b/Desktop/homebrew/BrewPackageManager/BrewPackageManager/BrewPackageManager.xcodeproj
    builtin-create-build-directory /Users/00b/Library/Developer/Xcode/DerivedData/BrewPackageManager-bupfwhlthlwasaebrplbxtjhofih/Build/Products/Debug

WriteAuxiliaryFile /Users/00b/Library/Developer/Xcode/DerivedData/BrewPackageManager-bupfwhlthlwasaebrplbxtjhofih/Build/Intermediates.noindex/BrewPackageManager.build/Debug/BrewPackageManager-9449681ae432ccc61d0f5c7a4796f0b7-VFS/all-product-headers.yaml
    cd /Users/00b/Desktop/homebrew/BrewPackageManager/BrewPackageManager/BrewPackageManager.xcodeproj
    write-file /Users/00b/Library/Developer/Xcode/DerivedData/BrewPackageManager-bupfwhlthlwasaebrplbxtjhofih/Build/Intermediates.noindex/BrewPackageManager.build/Debug/BrewPackageManager-9449681ae432ccc61d0f5c7a4796f0b7-VFS/all-product-headers.yaml

CreateBuildDirectory /Users/00b/Library/Developer/Xcode/DerivedData/BrewPackageManager-bupfwhlthlwasaebrplbxtjhofih/Build/Intermediates.noindex/EagerLinkingTBDs/Debug
    cd /Users/00b/Desktop/homebrew/BrewPackageManager/BrewPackageManager/BrewPackageManager.xcodeproj
    builtin-create-build-directory /Users/00b/Library/Developer/Xcode/DerivedData/BrewPackageManager-bupfwhlthlwasaebrplbxtjhofih/Build/Intermediates.noindex/EagerLinkingTBDs/Debug

WriteAuxiliaryFile /Users/00b/Library/Developer/Xcode/DerivedData/BrewPackageManager-bupfwhlthlwasaebrplbxtjhofih/Build/Intermediates.noindex/BrewPackageManager.build/Debug/BrewPackageManager.build/empty-BrewPackageManager.plist (in target 'BrewPackageManager' from project 'BrewPackageManager')
    cd /Users/00b/Desktop/homebrew/BrewPackageManager/BrewPackageManager
    write-file /Users/00b/Library/Developer/Xcode/DerivedData/BrewPackageManager-bupfwhlthlwasaebrplbxtjhofih/Build/Intermediates.noindex/BrewPackageManager.build/Debug/BrewPackageManager.build/empty-BrewPackageManager.plist

WriteAuxiliaryFile /Users/00b/Library/Developer/Xcode/DerivedData/BrewPackageManager-bupfwhlthlwasaebrplbxtjhofih/Build/Intermediates.noindex/BrewPackageManager.build/Debug/BrewPackageManager.build/Objects-normal/arm64/BrewPackageManager_const_extract_protocols.json (in target 'BrewPackageManager' from project 'BrewPackageManager')
    cd /Users/00b/Desktop/homebrew/BrewPackageManager/BrewPackageManager
    write-file /Users/00b/Library/Developer/Xcode/DerivedData/BrewPackageManager-bupfwhlthlwasaebrplbxtjhofih/Build/Intermediates.noindex/BrewPackageManager.build/Debug/BrewPackageManager.build/Objects-normal/arm64/BrewPackageManager_const_extract_protocols.json

WriteAuxiliaryFile /Users/00b/Library/Developer/Xcode/DerivedData/BrewPackageManager-bupfwhlthlwasaebrplbxtjhofih/Build/Intermediates.noindex/BrewPackageManager.build/Debug/BrewPackageManager.build/Objects-normal/arm64/BrewPackageManager.SwiftFileList (in target 'BrewPackageManager' from project 'BrewPackageManager')
    cd /Users/00b/Desktop/homebrew/BrewPackageManager/BrewPackageManager
    write-file /Users/00b/Library/Developer/Xcode/DerivedData/BrewPackageManager-bupfwhlthlwasaebrplbxtjhofih/Build/Intermediates.noindex/BrewPackageManager.build/Debug/BrewPackageManager.build/Objects-normal/arm64/BrewPackageManager.SwiftFileList

WriteAuxiliaryFile /Users/00b/Library/Developer/Xcode/DerivedData/BrewPackageManager-bupfwhlthlwasaebrplbxtjhofih/Build/Intermediates.noindex/BrewPackageManager.build/Debug/BrewPackageManager.build/Objects-normal/arm64/BrewPackageManager.SwiftConstValuesFileList (in target 'BrewPackageManager' from project 'BrewPackageManager')
    cd /Users/00b/Desktop/homebrew/BrewPackageManager/BrewPackageManager
    write-file /Users/00b/Library/Developer/Xcode/DerivedData/BrewPackageManager-bupfwhlthlwasaebrplbxtjhofih/Build/Intermediates.noindex/BrewPackageManager.build/Debug/BrewPackageManager.build/Objects-normal/arm64/BrewPackageManager.SwiftConstValuesFileList

WriteAuxiliaryFile /Users/00b/Library/Developer/Xcode/DerivedData/BrewPackageManager-bupfwhlthlwasaebrplbxtjhofih/Build/Intermediates.noindex/BrewPackageManager.build/Debug/BrewPackageManager.build/Objects-normal/arm64/BrewPackageManager.LinkFileList (in target 'BrewPackageManager' from project 'BrewPackageManager')
    cd /Users/00b/Desktop/homebrew/BrewPackageManager/BrewPackageManager
    write-file /Users/00b/Library/Developer/Xcode/DerivedData/BrewPackageManager-bupfwhlthlwasaebrplbxtjhofih/Build/Intermediates.noindex/BrewPackageManager.build/Debug/BrewPackageManager.build/Objects-normal/arm64/BrewPackageManager.LinkFileList

WriteAuxiliaryFile /Users/00b/Library/Developer/Xcode/DerivedData/BrewPackageManager-bupfwhlthlwasaebrplbxtjhofih/Build/Intermediates.noindex/BrewPackageManager.build/Debug/BrewPackageManager.build/Objects-normal/arm64/BrewPackageManager-OutputFileMap.json (in target 'BrewPackageManager' from project 'BrewPackageManager')
    cd /Users/00b/Desktop/homebrew/BrewPackageManager/BrewPackageManager
    write-file /Users/00b/Library/Developer/Xcode/DerivedData/BrewPackageManager-bupfwhlthlwasaebrplbxtjhofih/Build/Intermediates.noindex/BrewPackageManager.build/Debug/BrewPackageManager.build/Objects-normal/arm64/BrewPackageManager-OutputFileMap.json

WriteAuxiliaryFile /Users/00b/Library/Developer/Xcode/DerivedData/BrewPackageManager-bupfwhlthlwasaebrplbxtjhofih/Build/Intermediates.noindex/BrewPackageManager.build/Debug/BrewPackageManager.build/DerivedSources/Entitlements.plist (in target 'BrewPackageManager' from project 'BrewPackageManager')
    cd /Users/00b/Desktop/homebrew/BrewPackageManager/BrewPackageManager
    write-file /Users/00b/Library/Developer/Xcode/DerivedData/BrewPackageManager-bupfwhlthlwasaebrplbxtjhofih/Build/Intermediates.noindex/BrewPackageManager.build/Debug/BrewPackageManager.build/DerivedSources/Entitlements.plist

WriteAuxiliaryFile /Users/00b/Library/Developer/Xcode/DerivedData/BrewPackageManager-bupfwhlthlwasaebrplbxtjhofih/Build/Intermediates.noindex/BrewPackageManager.build/Debug/BrewPackageManager.build/BrewPackageManager.hmap (in target 'BrewPackageManager' from project 'BrewPackageManager')
    cd /Users/00b/Desktop/homebrew/BrewPackageManager/BrewPackageManager
    write-file /Users/00b/Library/Developer/Xcode/DerivedData/BrewPackageManager-bupfwhlthlwasaebrplbxtjhofih/Build/Intermediates.noindex/BrewPackageManager.build/Debug/BrewPackageManager.build/BrewPackageManager.hmap

WriteAuxiliaryFile /Users/00b/Library/Developer/Xcode/DerivedData/BrewPackageManager-bupfwhlthlwasaebrplbxtjhofih/Build/Intermediates.noindex/BrewPackageManager.build/Debug/BrewPackageManager.build/BrewPackageManager.DependencyStaticMetadataFileList (in target 'BrewPackageManager' from project 'BrewPackageManager')
    cd /Users/00b/Desktop/homebrew/BrewPackageManager/BrewPackageManager
    write-file /Users/00b/Library/Developer/Xcode/DerivedData/BrewPackageManager-bupfwhlthlwasaebrplbxtjhofih/Build/Intermediates.noindex/BrewPackageManager.build/Debug/BrewPackageManager.build/BrewPackageManager.DependencyStaticMetadataFileList

WriteAuxiliaryFile /Users/00b/Library/Developer/Xcode/DerivedData/BrewPackageManager-bupfwhlthlwasaebrplbxtjhofih/Build/Intermediates.noindex/BrewPackageManager.build/Debug/BrewPackageManager.build/BrewPackageManager-project-headers.hmap (in target 'BrewPackageManager' from project 'BrewPackageManager')
    cd /Users/00b/Desktop/homebrew/BrewPackageManager/BrewPackageManager
    write-file /Users/00b/Library/Developer/Xcode/DerivedData/BrewPackageManager-bupfwhlthlwasaebrplbxtjhofih/Build/Intermediates.noindex/BrewPackageManager.build/Debug/BrewPackageManager.build/BrewPackageManager-project-headers.hmap

WriteAuxiliaryFile /Users/00b/Library/Developer/Xcode/DerivedData/BrewPackageManager-bupfwhlthlwasaebrplbxtjhofih/Build/Intermediates.noindex/BrewPackageManager.build/Debug/BrewPackageManager.build/BrewPackageManager.DependencyMetadataFileList (in target 'BrewPackageManager' from project 'BrewPackageManager')
    cd /Users/00b/Desktop/homebrew/BrewPackageManager/BrewPackageManager
    write-file /Users/00b/Library/Developer/Xcode/DerivedData/BrewPackageManager-bupfwhlthlwasaebrplbxtjhofih/Build/Intermediates.noindex/BrewPackageManager.build/Debug/BrewPackageManager.build/BrewPackageManager.DependencyMetadataFileList

WriteAuxiliaryFile /Users/00b/Library/Developer/Xcode/DerivedData/BrewPackageManager-bupfwhlthlwasaebrplbxtjhofih/Build/Intermediates.noindex/BrewPackageManager.build/Debug/BrewPackageManager.build/BrewPackageManager-own-target-headers.hmap (in target 'BrewPackageManager' from project 'BrewPackageManager')
    cd /Users/00b/Desktop/homebrew/BrewPackageManager/BrewPackageManager
    write-file /Users/00b/Library/Developer/Xcode/DerivedData/BrewPackageManager-bupfwhlthlwasaebrplbxtjhofih/Build/Intermediates.noindex/BrewPackageManager.build/Debug/BrewPackageManager.build/BrewPackageManager-own-target-headers.hmap

WriteAuxiliaryFile /Users/00b/Library/Developer/Xcode/DerivedData/BrewPackageManager-bupfwhlthlwasaebrplbxtjhofih/Build/Intermediates.noindex/BrewPackageManager.build/Debug/BrewPackageManager.build/BrewPackageManager-generated-files.hmap (in target 'BrewPackageManager' from project 'BrewPackageManager')
    cd /Users/00b/Desktop/homebrew/BrewPackageManager/BrewPackageManager
    write-file /Users/00b/Library/Developer/Xcode/DerivedData/BrewPackageManager-bupfwhlthlwasaebrplbxtjhofih/Build/Intermediates.noindex/BrewPackageManager.build/Debug/BrewPackageManager.build/BrewPackageManager-generated-files.hmap

WriteAuxiliaryFile /Users/00b/Library/Developer/Xcode/DerivedData/BrewPackageManager-bupfwhlthlwasaebrplbxtjhofih/Build/Intermediates.noindex/BrewPackageManager.build/Debug/BrewPackageManager.build/BrewPackageManager-all-target-headers.hmap (in target 'BrewPackageManager' from project 'BrewPackageManager')
    cd /Users/00b/Desktop/homebrew/BrewPackageManager/BrewPackageManager
    write-file /Users/00b/Library/Developer/Xcode/DerivedData/BrewPackageManager-bupfwhlthlwasaebrplbxtjhofih/Build/Intermediates.noindex/BrewPackageManager.build/Debug/BrewPackageManager.build/BrewPackageManager-all-target-headers.hmap

WriteAuxiliaryFile /Users/00b/Library/Developer/Xcode/DerivedData/BrewPackageManager-bupfwhlthlwasaebrplbxtjhofih/Build/Intermediates.noindex/BrewPackageManager.build/Debug/BrewPackageManager.build/BrewPackageManager-all-non-framework-target-headers.hmap (in target 'BrewPackageManager' from project 'BrewPackageManager')
    cd /Users/00b/Desktop/homebrew/BrewPackageManager/BrewPackageManager
    write-file /Users/00b/Library/Developer/Xcode/DerivedData/BrewPackageManager-bupfwhlthlwasaebrplbxtjhofih/Build/Intermediates.noindex/BrewPackageManager.build/Debug/BrewPackageManager.build/BrewPackageManager-all-non-framework-target-headers.hmap

WriteAuxiliaryFile /Users/00b/Library/Developer/Xcode/DerivedData/BrewPackageManager-bupfwhlthlwasaebrplbxtjhofih/Build/Intermediates.noindex/BrewPackageManager.build/Debug/BrewPackageManager.build/BrewPackageManager-DebugDylibPath-normal-arm64.txt (in target 'BrewPackageManager' from project 'BrewPackageManager')
    cd /Users/00b/Desktop/homebrew/BrewPackageManager/BrewPackageManager
    write-file /Users/00b/Library/Developer/Xcode/DerivedData/BrewPackageManager-bupfwhlthlwasaebrplbxtjhofih/Build/Intermediates.noindex/BrewPackageManager.build/Debug/BrewPackageManager.build/BrewPackageManager-DebugDylibPath-normal-arm64.txt

WriteAuxiliaryFile /Users/00b/Library/Developer/Xcode/DerivedData/BrewPackageManager-bupfwhlthlwasaebrplbxtjhofih/Build/Intermediates.noindex/BrewPackageManager.build/Debug/BrewPackageManager.build/BrewPackageManager-DebugDylibInstallName-normal-arm64.txt (in target 'BrewPackageManager' from project 'BrewPackageManager')
    cd /Users/00b/Desktop/homebrew/BrewPackageManager/BrewPackageManager
    write-file /Users/00b/Library/Developer/Xcode/DerivedData/BrewPackageManager-bupfwhlthlwasaebrplbxtjhofih/Build/Intermediates.noindex/BrewPackageManager.build/Debug/BrewPackageManager.build/BrewPackageManager-DebugDylibInstallName-normal-arm64.txt

MkDir /Users/00b/Library/Developer/Xcode/DerivedData/BrewPackageManager-bupfwhlthlwasaebrplbxtjhofih/Build/Products/Debug/BrewPackageManager.app/Contents/Resources (in target 'BrewPackageManager' from project 'BrewPackageManager')
    cd /Users/00b/Desktop/homebrew/BrewPackageManager/BrewPackageManager
    /bin/mkdir -p /Users/00b/Library/Developer/Xcode/DerivedData/BrewPackageManager-bupfwhlthlwasaebrplbxtjhofih/Build/Products/Debug/BrewPackageManager.app/Contents/Resources

MkDir /Users/00b/Library/Developer/Xcode/DerivedData/BrewPackageManager-bupfwhlthlwasaebrplbxtjhofih/Build/Products/Debug/BrewPackageManager.app/Contents/MacOS (in target 'BrewPackageManager' from project 'BrewPackageManager')
    cd /Users/00b/Desktop/homebrew/BrewPackageManager/BrewPackageManager
    /bin/mkdir -p /Users/00b/Library/Developer/Xcode/DerivedData/BrewPackageManager-bupfwhlthlwasaebrplbxtjhofih/Build/Products/Debug/BrewPackageManager.app/Contents/MacOS

MkDir /Users/00b/Library/Developer/Xcode/DerivedData/BrewPackageManager-bupfwhlthlwasaebrplbxtjhofih/Build/Products/Debug/BrewPackageManager.app/Contents (in target 'BrewPackageManager' from project 'BrewPackageManager')
    cd /Users/00b/Desktop/homebrew/BrewPackageManager/BrewPackageManager
    /bin/mkdir -p /Users/00b/Library/Developer/Xcode/DerivedData/BrewPackageManager-bupfwhlthlwasaebrplbxtjhofih/Build/Products/Debug/BrewPackageManager.app/Contents

MkDir /Users/00b/Library/Developer/Xcode/DerivedData/BrewPackageManager-bupfwhlthlwasaebrplbxtjhofih/Build/Products/Debug/BrewPackageManager.app (in target 'BrewPackageManager' from project 'BrewPackageManager')
    cd /Users/00b/Desktop/homebrew/BrewPackageManager/BrewPackageManager
    /bin/mkdir -p /Users/00b/Library/Developer/Xcode/DerivedData/BrewPackageManager-bupfwhlthlwasaebrplbxtjhofih/Build/Products/Debug/BrewPackageManager.app

ProcessProductPackaging "" /Users/00b/Library/Developer/Xcode/DerivedData/BrewPackageManager-bupfwhlthlwasaebrplbxtjhofih/Build/Intermediates.noindex/BrewPackageManager.build/Debug/BrewPackageManager.build/BrewPackageManager.app.xcent (in target 'BrewPackageManager' from project 'BrewPackageManager')
    cd /Users/00b/Desktop/homebrew/BrewPackageManager/BrewPackageManager
    
    Entitlements:
    
    {
    "com.apple.security.app-sandbox" = 1;
    "com.apple.security.files.user-selected.read-only" = 1;
    "com.apple.security.get-task-allow" = 1;
}
    
    builtin-productPackagingUtility -entitlements -format xml -o /Users/00b/Library/Developer/Xcode/DerivedData/BrewPackageManager-bupfwhlthlwasaebrplbxtjhofih/Build/Intermediates.noindex/BrewPackageManager.build/Debug/BrewPackageManager.build/BrewPackageManager.app.xcent

ProcessProductPackagingDER /Users/00b/Library/Developer/Xcode/DerivedData/BrewPackageManager-bupfwhlthlwasaebrplbxtjhofih/Build/Intermediates.noindex/BrewPackageManager.build/Debug/BrewPackageManager.build/BrewPackageManager.app.xcent /Users/00b/Library/Developer/Xcode/DerivedData/BrewPackageManager-bupfwhlthlwasaebrplbxtjhofih/Build/Intermediates.noindex/BrewPackageManager.build/Debug/BrewPackageManager.build/BrewPackageManager.app.xcent.der (in target 'BrewPackageManager' from project 'BrewPackageManager')
    cd /Users/00b/Desktop/homebrew/BrewPackageManager/BrewPackageManager
    /usr/bin/derq query -f xml -i /Users/00b/Library/Developer/Xcode/DerivedData/BrewPackageManager-bupfwhlthlwasaebrplbxtjhofih/Build/Intermediates.noindex/BrewPackageManager.build/Debug/BrewPackageManager.build/BrewPackageManager.app.xcent -o /Users/00b/Library/Developer/Xcode/DerivedData/BrewPackageManager-bupfwhlthlwasaebrplbxtjhofih/Build/Intermediates.noindex/BrewPackageManager.build/Debug/BrewPackageManager.build/BrewPackageManager.app.xcent.der --raw

Ld /Users/00b/Library/Developer/Xcode/DerivedData/BrewPackageManager-bupfwhlthlwasaebrplbxtjhofih/Build/Products/Debug/BrewPackageManager.app/Contents/MacOS/__preview.dylib normal (in target 'BrewPackageManager' from project 'BrewPackageManager')
    cd /Users/00b/Desktop/homebrew/BrewPackageManager/BrewPackageManager
    /Applications/Xcode.app/Contents/Developer/Toolchains/XcodeDefault.xctoolchain/usr/bin/clang -Xlinker -reproducible -target arm64-apple-macos26.2 -dynamiclib -isysroot /Applications/Xcode.app/Contents/Developer/Platforms/MacOSX.platform/Developer/SDKs/MacOSX26.2.sdk -O0 -L/Users/00b/Library/Developer/Xcode/DerivedData/BrewPackageManager-bupfwhlthlwasaebrplbxtjhofih/Build/Products/Debug -F/Users/00b/Library/Developer/Xcode/DerivedData/BrewPackageManager-bupfwhlthlwasaebrplbxtjhofih/Build/Products/Debug -install_name @rpath/BrewPackageManager.debug.dylib -rdynamic -Xlinker -no_deduplicate -Xlinker -debug_variant -Xlinker -dependency_info -Xlinker /Users/00b/Library/Developer/Xcode/DerivedData/BrewPackageManager-bupfwhlthlwasaebrplbxtjhofih/Build/Intermediates.noindex/BrewPackageManager.build/Debug/BrewPackageManager.build/Objects-normal/arm64/BrewPackageManager_dependency_info.dat -Xlinker -no_adhoc_codesign -o /Users/00b/Library/Developer/Xcode/DerivedData/BrewPackageManager-bupfwhlthlwasaebrplbxtjhofih/Build/Products/Debug/BrewPackageManager.app/Contents/MacOS/__preview.dylib

MkDir /Users/00b/Library/Developer/Xcode/DerivedData/BrewPackageManager-bupfwhlthlwasaebrplbxtjhofih/Build/Intermediates.noindex/BrewPackageManager.build/Debug/BrewPackageManager.build/assetcatalog_output/unthinned (in target 'BrewPackageManager' from project 'BrewPackageManager')
    cd /Users/00b/Desktop/homebrew/BrewPackageManager/BrewPackageManager
    /bin/mkdir -p /Users/00b/Library/Developer/Xcode/DerivedData/BrewPackageManager-bupfwhlthlwasaebrplbxtjhofih/Build/Intermediates.noindex/BrewPackageManager.build/Debug/BrewPackageManager.build/assetcatalog_output/unthinned

MkDir /Users/00b/Library/Developer/Xcode/DerivedData/BrewPackageManager-bupfwhlthlwasaebrplbxtjhofih/Build/Intermediates.noindex/BrewPackageManager.build/Debug/BrewPackageManager.build/assetcatalog_output/thinned (in target 'BrewPackageManager' from project 'BrewPackageManager')
    cd /Users/00b/Desktop/homebrew/BrewPackageManager/BrewPackageManager
    /bin/mkdir -p /Users/00b/Library/Developer/Xcode/DerivedData/BrewPackageManager-bupfwhlthlwasaebrplbxtjhofih/Build/Intermediates.noindex/BrewPackageManager.build/Debug/BrewPackageManager.build/assetcatalog_output/thinned

CopyPlistFile /Users/00b/Library/Developer/Xcode/DerivedData/BrewPackageManager-bupfwhlthlwasaebrplbxtjhofih/Build/Products/Debug/BrewPackageManager.app/Contents/Resources/Info.plist /Users/00b/Desktop/homebrew/BrewPackageManager/BrewPackageManager/BrewPackageManager/Info.plist (in target 'BrewPackageManager' from project 'BrewPackageManager')
    cd /Users/00b/Desktop/homebrew/BrewPackageManager/BrewPackageManager
    builtin-copyPlist --outdir /Users/00b/Library/Developer/Xcode/DerivedData/BrewPackageManager-bupfwhlthlwasaebrplbxtjhofih/Build/Products/Debug/BrewPackageManager.app/Contents/Resources -- /Users/00b/Desktop/homebrew/BrewPackageManager/BrewPackageManager/BrewPackageManager/Info.plist

GenerateAssetSymbols /Users/00b/Desktop/homebrew/BrewPackageManager/BrewPackageManager/BrewPackageManager/Assets.xcassets (in target 'BrewPackageManager' from project 'BrewPackageManager')
    cd /Users/00b/Desktop/homebrew/BrewPackageManager/BrewPackageManager
    /Applications/Xcode.app/Contents/Developer/usr/bin/actool /Users/00b/Desktop/homebrew/BrewPackageManager/BrewPackageManager/BrewPackageManager/Assets.xcassets --compile /Users/00b/Library/Developer/Xcode/DerivedData/BrewPackageManager-bupfwhlthlwasaebrplbxtjhofih/Build/Products/Debug/BrewPackageManager.app/Contents/Resources --output-format human-readable-text --notices --warnings --export-dependency-info /Users/00b/Library/Developer/Xcode/DerivedData/BrewPackageManager-bupfwhlthlwasaebrplbxtjhofih/Build/Intermediates.noindex/BrewPackageManager.build/Debug/BrewPackageManager.build/assetcatalog_dependencies --output-partial-info-plist /Users/00b/Library/Developer/Xcode/DerivedData/BrewPackageManager-bupfwhlthlwasaebrplbxtjhofih/Build/Intermediates.noindex/BrewPackageManager.build/Debug/BrewPackageManager.build/assetcatalog_generated_info.plist --app-icon AppIcon --accent-color AccentColor --enable-on-demand-resources NO --development-region en --target-device mac --minimum-deployment-target 26.2 --platform macosx --bundle-identifier -86f6c61.BrewPackageManager --generate-swift-asset-symbols /Users/00b/Library/Developer/Xcode/DerivedData/BrewPackageManager-bupfwhlthlwasaebrplbxtjhofih/Build/Intermediates.noindex/BrewPackageManager.build/Debug/BrewPackageManager.build/DerivedSources/GeneratedAssetSymbols.swift --generate-objc-asset-symbols /Users/00b/Library/Developer/Xcode/DerivedData/BrewPackageManager-bupfwhlthlwasaebrplbxtjhofih/Build/Intermediates.noindex/BrewPackageManager.build/Debug/BrewPackageManager.build/DerivedSources/GeneratedAssetSymbols.h --generate-asset-symbol-index /Users/00b/Library/Developer/Xcode/DerivedData/BrewPackageManager-bupfwhlthlwasaebrplbxtjhofih/Build/Intermediates.noindex/BrewPackageManager.build/Debug/BrewPackageManager.build/DerivedSources/GeneratedAssetSymbols-Index.plist
/* com.apple.actool.compilation-results */
/Users/00b/Library/Developer/Xcode/DerivedData/BrewPackageManager-bupfwhlthlwasaebrplbxtjhofih/Build/Intermediates.noindex/BrewPackageManager.build/Debug/BrewPackageManager.build/DerivedSources/GeneratedAssetSymbols-Index.plist
/Users/00b/Library/Developer/Xcode/DerivedData/BrewPackageManager-bupfwhlthlwasaebrplbxtjhofih/Build/Intermediates.noindex/BrewPackageManager.build/Debug/BrewPackageManager.build/DerivedSources/GeneratedAssetSymbols.h
/Users/00b/Library/Developer/Xcode/DerivedData/BrewPackageManager-bupfwhlthlwasaebrplbxtjhofih/Build/Intermediates.noindex/BrewPackageManager.build/Debug/BrewPackageManager.build/DerivedSources/GeneratedAssetSymbols.swift


CompileAssetCatalogVariant thinned /Users/00b/Library/Developer/Xcode/DerivedData/BrewPackageManager-bupfwhlthlwasaebrplbxtjhofih/Build/Products/Debug/BrewPackageManager.app/Contents/Resources /Users/00b/Desktop/homebrew/BrewPackageManager/BrewPackageManager/BrewPackageManager/Assets.xcassets (in target 'BrewPackageManager' from project 'BrewPackageManager')
    cd /Users/00b/Desktop/homebrew/BrewPackageManager/BrewPackageManager
    /Applications/Xcode.app/Contents/Developer/usr/bin/actool /Users/00b/Desktop/homebrew/BrewPackageManager/BrewPackageManager/BrewPackageManager/Assets.xcassets --compile /Users/00b/Library/Developer/Xcode/DerivedData/BrewPackageManager-bupfwhlthlwasaebrplbxtjhofih/Build/Intermediates.noindex/BrewPackageManager.build/Debug/BrewPackageManager.build/assetcatalog_output/thinned --output-format human-readable-text --notices --warnings --export-dependency-info /Users/00b/Library/Developer/Xcode/DerivedData/BrewPackageManager-bupfwhlthlwasaebrplbxtjhofih/Build/Intermediates.noindex/BrewPackageManager.build/Debug/BrewPackageManager.build/assetcatalog_dependencies_thinned --output-partial-info-plist /Users/00b/Library/Developer/Xcode/DerivedData/BrewPackageManager-bupfwhlthlwasaebrplbxtjhofih/Build/Intermediates.noindex/BrewPackageManager.build/Debug/BrewPackageManager.build/assetcatalog_generated_info.plist_thinned --app-icon AppIcon --accent-color AccentColor --enable-on-demand-resources NO --development-region en --target-device mac --minimum-deployment-target 26.2 --platform macosx
/* com.apple.actool.compilation-results */
/Users/00b/Library/Developer/Xcode/DerivedData/BrewPackageManager-bupfwhlthlwasaebrplbxtjhofih/Build/Intermediates.noindex/BrewPackageManager.build/Debug/BrewPackageManager.build/assetcatalog_generated_info.plist_thinned


SwiftDriver BrewPackageManager normal arm64 com.apple.xcode.tools.swift.compiler (in target 'BrewPackageManager' from project 'BrewPackageManager')
    cd /Users/00b/Desktop/homebrew/BrewPackageManager/BrewPackageManager
    builtin-SwiftDriver -- /Applications/Xcode.app/Contents/Developer/Toolchains/XcodeDefault.xctoolchain/usr/bin/swiftc -module-name BrewPackageManager -Onone -enforce-exclusivity\=checked @/Users/00b/Library/Developer/Xcode/DerivedData/BrewPackageManager-bupfwhlthlwasaebrplbxtjhofih/Build/Intermediates.noindex/BrewPackageManager.build/Debug/BrewPackageManager.build/Objects-normal/arm64/BrewPackageManager.SwiftFileList -DDEBUG -default-isolation\=MainActor -enable-bare-slash-regex -enable-upcoming-feature DisableOutwardActorInference -enable-upcoming-feature InferSendableFromCaptures -enable-upcoming-feature GlobalActorIsolatedTypesUsability -enable-upcoming-feature MemberImportVisibility -enable-upcoming-feature InferIsolatedConformances -enable-upcoming-feature NonisolatedNonsendingByDefault -enable-experimental-feature DebugDescriptionMacro -sdk /Applications/Xcode.app/Contents/Developer/Platforms/MacOSX.platform/Developer/SDKs/MacOSX26.2.sdk -target arm64-apple-macos26.2 -g -module-cache-path /Users/00b/Library/Developer/Xcode/DerivedData/ModuleCache.noindex -Xfrontend -serialize-debugging-options -profile-coverage-mapping -profile-generate -enable-testing -index-store-path /Users/00b/Library/Developer/Xcode/DerivedData/BrewPackageManager-bupfwhlthlwasaebrplbxtjhofih/Index.noindex/DataStore -Xcc -D_LIBCPP_HARDENING_MODE\=_LIBCPP_HARDENING_MODE_DEBUG -swift-version 5 -I /Users/00b/Library/Developer/Xcode/DerivedData/BrewPackageManager-bupfwhlthlwasaebrplbxtjhofih/Build/Products/Debug -F /Users/00b/Library/Developer/Xcode/DerivedData/BrewPackageManager-bupfwhlthlwasaebrplbxtjhofih/Build/Products/Debug -emit-localized-strings -emit-localized-strings-path /Users/00b/Library/Developer/Xcode/DerivedData/BrewPackageManager-bupfwhlthlwasaebrplbxtjhofih/Build/Intermediates.noindex/BrewPackageManager.build/Debug/BrewPackageManager.build/Objects-normal/arm64 -c -j8 -enable-batch-mode -incremental -Xcc -ivfsstatcache -Xcc /Users/00b/Library/Developer/Xcode/DerivedData/SDKStatCaches.noindex/macosx26.2-25C57-00fa09913b459cbbc988d1f6730289ae.sdkstatcache -output-file-map /Users/00b/Library/Developer/Xcode/DerivedData/BrewPackageManager-bupfwhlthlwasaebrplbxtjhofih/Build/Intermediates.noindex/BrewPackageManager.build/Debug/BrewPackageManager.build/Objects-normal/arm64/BrewPackageManager-OutputFileMap.json -use-frontend-parseable-output -save-temps -no-color-diagnostics -explicit-module-build -module-cache-path /Users/00b/Library/Developer/Xcode/DerivedData/BrewPackageManager-bupfwhlthlwasaebrplbxtjhofih/Build/Intermediates.noindex/SwiftExplicitPrecompiledModules -clang-scanner-module-cache-path /Users/00b/Library/Developer/Xcode/DerivedData/ModuleCache.noindex -sdk-module-cache-path /Users/00b/Library/Developer/Xcode/DerivedData/ModuleCache.noindex -serialize-diagnostics -emit-dependencies -emit-module -emit-module-path /Users/00b/Library/Developer/Xcode/DerivedData/BrewPackageManager-bupfwhlthlwasaebrplbxtjhofih/Build/Intermediates.noindex/BrewPackageManager.build/Debug/BrewPackageManager.build/Objects-normal/arm64/BrewPackageManager.swiftmodule -validate-clang-modules-once -clang-build-session-file /Users/00b/Library/Developer/Xcode/DerivedData/ModuleCache.noindex/Session.modulevalidation -Xcc -I/Users/00b/Library/Developer/Xcode/DerivedData/BrewPackageManager-bupfwhlthlwasaebrplbxtjhofih/Build/Intermediates.noindex/BrewPackageManager.build/Debug/BrewPackageManager.build/swift-overrides.hmap -emit-const-values -Xfrontend -const-gather-protocols-file -Xfrontend /Users/00b/Library/Developer/Xcode/DerivedData/BrewPackageManager-bupfwhlthlwasaebrplbxtjhofih/Build/Intermediates.noindex/BrewPackageManager.build/Debug/BrewPackageManager.build/Objects-normal/arm64/BrewPackageManager_const_extract_protocols.json -Xcc -iquote -Xcc /Users/00b/Library/Developer/Xcode/DerivedData/BrewPackageManager-bupfwhlthlwasaebrplbxtjhofih/Build/Intermediates.noindex/BrewPackageManager.build/Debug/BrewPackageManager.build/BrewPackageManager-generated-files.hmap -Xcc -I/Users/00b/Library/Developer/Xcode/DerivedData/BrewPackageManager-bupfwhlthlwasaebrplbxtjhofih/Build/Intermediates.noindex/BrewPackageManager.build/Debug/BrewPackageManager.build/BrewPackageManager-own-target-headers.hmap -Xcc -I/Users/00b/Library/Developer/Xcode/DerivedData/BrewPackageManager-bupfwhlthlwasaebrplbxtjhofih/Build/Intermediates.noindex/BrewPackageManager.build/Debug/BrewPackageManager.build/BrewPackageManager-all-target-headers.hmap -Xcc -iquote -Xcc /Users/00b/Library/Developer/Xcode/DerivedData/BrewPackageManager-bupfwhlthlwasaebrplbxtjhofih/Build/Intermediates.noindex/BrewPackageManager.build/Debug/BrewPackageManager.build/BrewPackageManager-project-headers.hmap -Xcc -I/Users/00b/Library/Developer/Xcode/DerivedData/BrewPackageManager-bupfwhlthlwasaebrplbxtjhofih/Build/Products/Debug/include -Xcc -I/Users/00b/Library/Developer/Xcode/DerivedData/BrewPackageManager-bupfwhlthlwasaebrplbxtjhofih/Build/Intermediates.noindex/BrewPackageManager.build/Debug/BrewPackageManager.build/DerivedSources-normal/arm64 -Xcc -I/Users/00b/Library/Developer/Xcode/DerivedData/BrewPackageManager-bupfwhlthlwasaebrplbxtjhofih/Build/Intermediates.noindex/BrewPackageManager.build/Debug/BrewPackageManager.build/DerivedSources/arm64 -Xcc -I/Users/00b/Library/Developer/Xcode/DerivedData/BrewPackageManager-bupfwhlthlwasaebrplbxtjhofih/Build/Intermediates.noindex/BrewPackageManager.build/Debug/BrewPackageManager.build/DerivedSources -Xcc -DDEBUG\=1 -emit-objc-header -emit-objc-header-path /Users/00b/Library/Developer/Xcode/DerivedData/BrewPackageManager-bupfwhlthlwasaebrplbxtjhofih/Build/Intermediates.noindex/BrewPackageManager.build/Debug/BrewPackageManager.build/Objects-normal/arm64/BrewPackageManager-Swift.h -working-directory /Users/00b/Desktop/homebrew/BrewPackageManager/BrewPackageManager -experimental-emit-module-separately -disable-cmo

SwiftCompile normal arm64 Compiling\ BrewPackagesClientProtocol.swift,\ PackageType.swift,\ MenuSectionLabel.swift,\ PanelHeaderView.swift,\ PanelSectionCardView.swift,\ AccentGradient.swift /Users/00b/Desktop/homebrew/BrewPackageManager/BrewPackageManager/BrewPackageManager/Brew/BrewPackagesClientProtocol.swift /Users/00b/Desktop/homebrew/BrewPackageManager/BrewPackageManager/BrewPackageManager/Brew/PackageType.swift /Users/00b/Desktop/homebrew/BrewPackageManager/BrewPackageManager/BrewPackageManager/Components/MenuSectionLabel.swift /Users/00b/Desktop/homebrew/BrewPackageManager/BrewPackageManager/BrewPackageManager/Components/PanelHeaderView.swift /Users/00b/Desktop/homebrew/BrewPackageManager/BrewPackageManager/BrewPackageManager/Components/PanelSectionCardView.swift /Users/00b/Desktop/homebrew/BrewPackageManager/BrewPackageManager/BrewPackageManager/Design/AccentGradient.swift (in target 'BrewPackageManager' from project 'BrewPackageManager')
SwiftCompile normal arm64 /Users/00b/Desktop/homebrew/BrewPackageManager/BrewPackageManager/BrewPackageManager/Brew/BrewPackagesClientProtocol.swift (in target 'BrewPackageManager' from project 'BrewPackageManager')
    cd /Users/00b/Desktop/homebrew/BrewPackageManager/BrewPackageManager
    

SwiftCompile normal arm64 /Users/00b/Desktop/homebrew/BrewPackageManager/BrewPackageManager/BrewPackageManager/Brew/PackageType.swift (in target 'BrewPackageManager' from project 'BrewPackageManager')
    cd /Users/00b/Desktop/homebrew/BrewPackageManager/BrewPackageManager
    

SwiftCompile normal arm64 /Users/00b/Desktop/homebrew/BrewPackageManager/BrewPackageManager/BrewPackageManager/Components/MenuSectionLabel.swift (in target 'BrewPackageManager' from project 'BrewPackageManager')
    cd /Users/00b/Desktop/homebrew/BrewPackageManager/BrewPackageManager
    
/Users/00b/Desktop/homebrew/BrewPackageManager/BrewPackageManager/BrewPackageManager/Design/StatusBadge.swift:10:17: error: cannot find type 'BrewServiceStatus' in scope
    let status: BrewServiceStatus
                ^~~~~~~~~~~~~~~~~
/Users/00b/Desktop/homebrew/BrewPackageManager/BrewPackageManager/BrewPackageManager/Design/StatusBadge.swift:53:30: error: cannot infer contextual base in reference to member 'started'
        StatusBadge(status: .started)
                            ~^~~~~~~

SwiftCompile normal arm64 /Users/00b/Desktop/homebrew/BrewPackageManager/BrewPackageManager/BrewPackageManager/Components/PanelHeaderView.swift (in target 'BrewPackageManager' from project 'BrewPackageManager')
    cd /Users/00b/Desktop/homebrew/BrewPackageManager/BrewPackageManager
    

SwiftCompile normal arm64 /Users/00b/Desktop/homebrew/BrewPackageManager/BrewPackageManager/BrewPackageManager/Components/PanelSectionCardView.swift (in target 'BrewPackageManager' from project 'BrewPackageManager')
    cd /Users/00b/Desktop/homebrew/BrewPackageManager/BrewPackageManager
    

SwiftCompile normal arm64 /Users/00b/Desktop/homebrew/BrewPackageManager/BrewPackageManager/BrewPackageManager/Design/AccentGradient.swift (in target 'BrewPackageManager' from project 'BrewPackageManager')
    cd /Users/00b/Desktop/homebrew/BrewPackageManager/BrewPackageManager
    

Failed frontend command:
/Applications/Xcode.app/Contents/Developer/Toolchains/XcodeDefault.xctoolchain/usr/bin/swift-frontend -frontend -c /Users/00b/Desktop/homebrew/BrewPackageManager/BrewPackageManager/BrewPackageManager/Brew/BrewLocator.swift /Users/00b/Desktop/homebrew/BrewPackageManager/BrewPackageManager/BrewPackageManager/Brew/BrewLocatorError.swift /Users/00b/Desktop/homebrew/BrewPackageManager/BrewPackageManager/BrewPackageManager/Brew/BrewPackage.swift /Users/00b/Desktop/homebrew/BrewPackageManager/BrewPackageManager/BrewPackageManager/Brew/BrewPackageInfo.swift /Users/00b/Desktop/homebrew/BrewPackageManager/BrewPackageManager/BrewPackageManager/Brew/BrewPackagesArgumentsBuilder.swift /Users/00b/Desktop/homebrew/BrewPackageManager/BrewPackageManager/BrewPackageManager/Brew/BrewPackagesClient.swift -primary-file /Users/00b/Desktop/homebrew/BrewPackageManager/BrewPackageManager/BrewPackageManager/Brew/BrewPackagesClientProtocol.swift -primary-file /Users/00b/Desktop/homebrew/BrewPackageManager/BrewPackageManager/BrewPackageManager/Brew/PackageType.swift -primary-file /Users/00b/Desktop/homebrew/BrewPackageManager/BrewPackageManager/BrewPackageManager/Components/MenuSectionLabel.swift -primary-file /Users/00b/Desktop/homebrew/BrewPackageManager/BrewPackageManager/BrewPackageManager/Components/PanelHeaderView.swift -primary-file /Users/00b/Desktop/homebrew/BrewPackageManager/BrewPackageManager/BrewPackageManager/Components/PanelSectionCardView.swift -primary-file /Users/00b/Desktop/homebrew/BrewPackageManager/BrewPackageManager/BrewPackageManager/Design/AccentGradient.swift /Users/00b/Desktop/homebrew/BrewPackageManager/BrewPackageManager/BrewPackageManager/Design/GlassBackgroundModifier.swift /Users/00b/Desktop/homebrew/BrewPackageManager/BrewPackageManager/BrewPackageManager/Design/HoverHighlightModifier.swift /Users/00b/Desktop/homebrew/BrewPackageManager/BrewPackageManager/BrewPackageManager/Design/LayoutConstants.swift /Users/00b/Desktop/homebrew/BrewPackageManager/BrewPackageManager/BrewPackageManager/Design/SectionContainerModifier.swift /Users/00b/Desktop/homebrew/BrewPackageManager/BrewPackageManager/BrewPackageManager/Design/StatusBadge.swift /Users/00b/Desktop/homebrew/BrewPackageManager/BrewPackageManager/BrewPackageManager/MenuBar/EmptyStateView.swift /Users/00b/Desktop/homebrew/BrewPackageManager/BrewPackageManager/BrewPackageManager/MenuBar/ErrorView.swift /Users/00b/Desktop/homebrew/BrewPackageManager/BrewPackageManager/BrewPackageManager/MenuBar/MainMenuContentView.swift /Users/00b/Desktop/homebrew/BrewPackageManager/BrewPackageManager/BrewPackageManager/MenuBar/MenuBarHeaderView.swift /Users/00b/Desktop/homebrew/BrewPackageManager/BrewPackageManager/BrewPackageManager/MenuBar/MenuBarRootView.swift /Users/00b/Desktop/homebrew/BrewPackageManager/BrewPackageManager/BrewPackageManager/MenuBar/MenuBarRoute.swift /Users/00b/Desktop/homebrew/BrewPackageManager/BrewPackageManager/BrewPackageManager/MenuBar/MenuRowButton.swift /Users/00b/Desktop/homebrew/BrewPackageManager/BrewPackageManager/BrewPackageManager/MenuBar/PackageInfoView.swift /Users/00b/Desktop/homebrew/BrewPackageManager/BrewPackageManager/BrewPackageManager/MenuBar/PackageMenuItemView.swift /Users/00b/Desktop/homebrew/BrewPackageManager/BrewPackageManager/BrewPackageManager/MenuBar/PackagesSectionView.swift /Users/00b/Desktop/homebrew/BrewPackageManager/BrewPackageManager/BrewPackageManager/MenuBar/UpdateActionsSectionView.swift /Users/00b/Desktop/homebrew/BrewPackageManager/BrewPackageManager/BrewPackageManager/Packages/AppError.swift /Users/00b/Desktop/homebrew/BrewPackageManager/BrewPackageManager/BrewPackageManager/Packages/PackageOperation.swift /Users/00b/Desktop/homebrew/BrewPackageManager/BrewPackageManager/BrewPackageManager/Packages/PackageOperationStatus.swift /Users/00b/Desktop/homebrew/BrewPackageManager/BrewPackageManager/BrewPackageManager/Packages/PackagesDiskCache.swift /Users/00b/Desktop/homebrew/BrewPackageManager/BrewPackageManager/BrewPackageManager/Packages/PackagesState.swift /Users/00b/Desktop/homebrew/BrewPackageManager/BrewPackageManager/BrewPackageManager/Packages/PackagesStore.swift /Users/00b/Desktop/homebrew/BrewPackageManager/BrewPackageManager/BrewPackageManager/Settings/AppSettings.swift /Users/00b/Desktop/homebrew/BrewPackageManager/BrewPackageManager/BrewPackageManager/Settings/SettingsView.swift /Users/00b/Desktop/homebrew/BrewPackageManager/BrewPackageManager/BrewPackageManager/Shell/CommandExecutor.swift /Users/00b/Desktop/homebrew/BrewPackageManager/BrewPackageManager/BrewPackageManager/Shell/CommandExecutorError.swift /Users/00b/Desktop/homebrew/BrewPackageManager/BrewPackageManager/BrewPackageManager/Shell/CommandResult.swift /Users/00b/Desktop/homebrew/BrewPackageManager/BrewPackageManager/BrewPackageManager/Utilities/AppKitBridge.swift /Users/00b/Desktop/homebrew/BrewPackageManager/BrewPackageManager/BrewPackageManager/BrewPackageManagerApp.swift /Users/00b/Library/Developer/Xcode/DerivedData/BrewPackageManager-bupfwhlthlwasaebrplbxtjhofih/Build/Intermediates.noindex/BrewPackageManager.build/Debug/BrewPackageManager.build/DerivedSources/GeneratedAssetSymbols.swift -supplementary-output-file-map /Users/00b/Library/Developer/Xcode/DerivedData/BrewPackageManager-bupfwhlthlwasaebrplbxtjhofih/Build/Intermediates.noindex/BrewPackageManager.build/Debug/BrewPackageManager.build/Objects-normal/arm64/supplementaryOutputs-2 -emit-localized-strings -emit-localized-strings-path /Users/00b/Library/Developer/Xcode/DerivedData/BrewPackageManager-bupfwhlthlwasaebrplbxtjhofih/Build/Intermediates.noindex/BrewPackageManager.build/Debug/BrewPackageManager.build/Objects-normal/arm64 -target arm64-apple-macos26.2 -module-can-import-version AppKit 2685.30.107 2685.30.107 -module-can-import-version DeveloperToolsSupport 23.0.4 23.0.4 -module-can-import-version SwiftUI 7.2.5.1 7.2.5 -load-resolved-plugin /Applications/Xcode.app/Contents/Developer/Platforms/MacOSX.platform/Developer/usr/lib/swift/host/plugins/libFoundationMacros.dylib\#/Applications/Xcode.app/Contents/Developer/Platforms/MacOSX.platform/Developer/usr/bin/swift-plugin-server\#FoundationMacros -load-resolved-plugin /Applications/Xcode.app/Contents/Developer/Platforms/MacOSX.platform/Developer/usr/lib/swift/host/plugins/libObservationMacros.dylib\#/Applications/Xcode.app/Contents/Developer/Platforms/MacOSX.platform/Developer/usr/bin/swift-plugin-server\#ObservationMacros -load-resolved-plugin /Applications/Xcode.app/Contents/Developer/Platforms/MacOSX.platform/Developer/usr/lib/swift/host/plugins/libPreviewsMacros.dylib\#/Applications/Xcode.app/Contents/Developer/Platforms/MacOSX.platform/Developer/usr/bin/swift-plugin-server\#PreviewsMacros -load-resolved-plugin /Applications/Xcode.app/Contents/Developer/Platforms/MacOSX.platform/Developer/usr/lib/swift/host/plugins/libSwiftMacros.dylib\#/Applications/Xcode.app/Contents/Developer/Platforms/MacOSX.platform/Developer/usr/bin/swift-plugin-server\#SwiftMacros -load-resolved-plugin /Applications/Xcode.app/Contents/Developer/Platforms/MacOSX.platform/Developer/usr/lib/swift/host/plugins/libSwiftUIMacros.dylib\#/Applications/Xcode.app/Contents/Developer/Platforms/MacOSX.platform/Developer/usr/bin/swift-plugin-server\#SwiftUIMacros -disable-implicit-swift-modules -Xcc -fno-implicit-modules -Xcc -fno-implicit-module-maps -explicit-swift-module-map-file /Users/00b/Library/Developer/Xcode/DerivedData/BrewPackageManager-bupfwhlthlwasaebrplbxtjhofih/Build/Intermediates.noindex/BrewPackageManager.build/Debug/BrewPackageManager.build/Objects-normal/arm64/BrewPackageManager-dependencies-1.json -Xllvm -aarch64-use-tbi -enable-objc-interop -stack-check -sdk /Applications/Xcode.app/Contents/Developer/Platforms/MacOSX.platform/Developer/SDKs/MacOSX26.2.sdk -I /Users/00b/Library/Developer/Xcode/DerivedData/BrewPackageManager-bupfwhlthlwasaebrplbxtjhofih/Build/Products/Debug -F /Users/00b/Library/Developer/Xcode/DerivedData/BrewPackageManager-bupfwhlthlwasaebrplbxtjhofih/Build/Products/Debug -no-color-diagnostics -Xcc -fno-color-diagnostics -enable-testing -g -debug-info-format\=dwarf -dwarf-version\=5 -module-cache-path /Users/00b/Library/Developer/Xcode/DerivedData/BrewPackageManager-bupfwhlthlwasaebrplbxtjhofih/Build/Intermediates.noindex/SwiftExplicitPrecompiledModules -profile-generate -profile-coverage-mapping -swift-version 5 -enforce-exclusivity\=checked -Onone -D DEBUG -serialize-debugging-options -const-gather-protocols-file /Users/00b/Library/Developer/Xcode/DerivedData/BrewPackageManager-bupfwhlthlwasaebrplbxtjhofih/Build/Intermediates.noindex/BrewPackageManager.build/Debug/BrewPackageManager.build/Objects-normal/arm64/BrewPackageManager_const_extract_protocols.json -enable-upcoming-feature DisableOutwardActorInference -enable-upcoming-feature InferSendableFromCaptures -enable-upcoming-feature GlobalActorIsolatedTypesUsability -enable-upcoming-feature MemberImportVisibility -enable-upcoming-feature InferIsolatedConformances -enable-upcoming-feature NonisolatedNonsendingByDefault -enable-experimental-feature DebugDescriptionMacro -enable-bare-slash-regex -default-isolation\=MainActor -empty-abi-descriptor -validate-clang-modules-once -clang-build-session-file /Users/00b/Library/Developer/Xcode/DerivedData/ModuleCache.noindex/Session.modulevalidation -Xcc -working-directory -Xcc /Users/00b/Desktop/homebrew/BrewPackageManager/BrewPackageManager -enable-anonymous-context-mangled-names -file-compilation-dir /Users/00b/Desktop/homebrew/BrewPackageManager/BrewPackageManager -Xcc -D_LIBCPP_HARDENING_MODE\=_LIBCPP_HARDENING_MODE_DEBUG -Xcc -ivfsstatcache -Xcc /Users/00b/Library/Developer/Xcode/DerivedData/SDKStatCaches.noindex/macosx26.2-25C57-00fa09913b459cbbc988d1f6730289ae.sdkstatcache -Xcc -I/Users/00b/Library/Developer/Xcode/DerivedData/BrewPackageManager-bupfwhlthlwasaebrplbxtjhofih/Build/Intermediates.noindex/BrewPackageManager.build/Debug/BrewPackageManager.build/swift-overrides.hmap -Xcc -iquote -Xcc /Users/00b/Library/Developer/Xcode/DerivedData/BrewPackageManager-bupfwhlthlwasaebrplbxtjhofih/Build/Intermediates.noindex/BrewPackageManager.build/Debug/BrewPackageManager.build/BrewPackageManager-generated-files.hmap -Xcc -I/Users/00b/Library/Developer/Xcode/DerivedData/BrewPackageManager-bupfwhlthlwasaebrplbxtjhofih/Build/Intermediates.noindex/BrewPackageManager.build/Debug/BrewPackageManager.build/BrewPackageManager-own-target-headers.hmap -Xcc -I/Users/00b/Library/Developer/Xcode/DerivedData/BrewPackageManager-bupfwhlthlwasaebrplbxtjhofih/Build/Intermediates.noindex/BrewPackageManager.build/Debug/BrewPackageManager.build/BrewPackageManager-all-target-headers.hmap -Xcc -iquote -Xcc /Users/00b/Library/Developer/Xcode/DerivedData/BrewPackageManager-bupfwhlthlwasaebrplbxtjhofih/Build/Intermediates.noindex/BrewPackageManager.build/Debug/BrewPackageManager.build/BrewPackageManager-project-headers.hmap -Xcc -I/Users/00b/Library/Developer/Xcode/DerivedData/BrewPackageManager-bupfwhlthlwasaebrplbxtjhofih/Build/Products/Debug/include -Xcc -I/Users/00b/Library/Developer/Xcode/DerivedData/BrewPackageManager-bupfwhlthlwasaebrplbxtjhofih/Build/Intermediates.noindex/BrewPackageManager.build/Debug/BrewPackageManager.build/DerivedSources-normal/arm64 -Xcc -I/Users/00b/Library/Developer/Xcode/DerivedData/BrewPackageManager-bupfwhlthlwasaebrplbxtjhofih/Build/Intermediates.noindex/BrewPackageManager.build/Debug/BrewPackageManager.build/DerivedSources/arm64 -Xcc -I/Users/00b/Library/Developer/Xcode/DerivedData/BrewPackageManager-bupfwhlthlwasaebrplbxtjhofih/Build/Intermediates.noindex/BrewPackageManager.build/Debug/BrewPackageManager.build/DerivedSources -Xcc -DDEBUG\=1 -no-auto-bridging-header-chaining -module-name BrewPackageManager -frontend-parseable-output -disable-clang-spi -target-sdk-version 26.2 -target-sdk-name macosx26.2 -clang-target arm64-apple-macos26.2 -in-process-plugin-server-path /Applications/Xcode.app/Contents/Developer/Toolchains/XcodeDefault.xctoolchain/usr/lib/swift/host/libSwiftInProcPluginServer.dylib -o /Users/00b/Library/Developer/Xcode/DerivedData/BrewPackageManager-bupfwhlthlwasaebrplbxtjhofih/Build/Intermediates.noindex/BrewPackageManager.build/Debug/BrewPackageManager.build/Objects-normal/arm64/BrewPackagesClientProtocol.o -o /Users/00b/Library/Developer/Xcode/DerivedData/BrewPackageManager-bupfwhlthlwasaebrplbxtjhofih/Build/Intermediates.noindex/BrewPackageManager.build/Debug/BrewPackageManager.build/Objects-normal/arm64/PackageType.o -o /Users/00b/Library/Developer/Xcode/DerivedData/BrewPackageManager-bupfwhlthlwasaebrplbxtjhofih/Build/Intermediates.noindex/BrewPackageManager.build/Debug/BrewPackageManager.build/Objects-normal/arm64/MenuSectionLabel.o -o /Users/00b/Library/Developer/Xcode/DerivedData/BrewPackageManager-bupfwhlthlwasaebrplbxtjhofih/Build/Intermediates.noindex/BrewPackageManager.build/Debug/BrewPackageManager.build/Objects-normal/arm64/PanelHeaderView.o -o /Users/00b/Library/Developer/Xcode/DerivedData/BrewPackageManager-bupfwhlthlwasaebrplbxtjhofih/Build/Intermediates.noindex/BrewPackageManager.build/Debug/BrewPackageManager.build/Objects-normal/arm64/PanelSectionCardView.o -o /Users/00b/Library/Developer/Xcode/DerivedData/BrewPackageManager-bupfwhlthlwasaebrplbxtjhofih/Build/Intermediates.noindex/BrewPackageManager.build/Debug/BrewPackageManager.build/Objects-normal/arm64/AccentGradient.o -index-unit-output-path /BrewPackageManager.build/Debug/BrewPackageManager.build/Objects-normal/arm64/BrewPackagesClientProtocol.o -index-unit-output-path /BrewPackageManager.build/Debug/BrewPackageManager.build/Objects-normal/arm64/PackageType.o -index-unit-output-path /BrewPackageManager.build/Debug/BrewPackageManager.build/Objects-normal/arm64/MenuSectionLabel.o -index-unit-output-path /BrewPackageManager.build/Debug/BrewPackageManager.build/Objects-normal/arm64/PanelHeaderView.o -index-unit-output-path /BrewPackageManager.build/Debug/BrewPackageManager.build/Objects-normal/arm64/PanelSectionCardView.o -index-unit-output-path /BrewPackageManager.build/Debug/BrewPackageManager.build/Objects-normal/arm64/AccentGradient.o -index-store-path /Users/00b/Library/Developer/Xcode/DerivedData/BrewPackageManager-bupfwhlthlwasaebrplbxtjhofih/Index.noindex/DataStore -index-system-modules
SwiftEmitModule normal arm64 Emitting\ module\ for\ BrewPackageManager (in target 'BrewPackageManager' from project 'BrewPackageManager')
EmitSwiftModule normal arm64 (in target 'BrewPackageManager' from project 'BrewPackageManager')
    cd /Users/00b/Desktop/homebrew/BrewPackageManager/BrewPackageManager
    

SwiftCompile normal arm64 Compiling\ BrewLocator.swift,\ BrewLocatorError.swift,\ BrewPackage.swift,\ BrewPackageInfo.swift,\ BrewPackagesArgumentsBuilder.swift,\ BrewPackagesClient.swift /Users/00b/Desktop/homebrew/BrewPackageManager/BrewPackageManager/BrewPackageManager/Brew/BrewLocator.swift /Users/00b/Desktop/homebrew/BrewPackageManager/BrewPackageManager/BrewPackageManager/Brew/BrewLocatorError.swift /Users/00b/Desktop/homebrew/BrewPackageManager/BrewPackageManager/BrewPackageManager/Brew/BrewPackage.swift /Users/00b/Desktop/homebrew/BrewPackageManager/BrewPackageManager/BrewPackageManager/Brew/BrewPackageInfo.swift /Users/00b/Desktop/homebrew/BrewPackageManager/BrewPackageManager/BrewPackageManager/Brew/BrewPackagesArgumentsBuilder.swift /Users/00b/Desktop/homebrew/BrewPackageManager/BrewPackageManager/BrewPackageManager/Brew/BrewPackagesClient.swift (in target 'BrewPackageManager' from project 'BrewPackageManager')
SwiftCompile normal arm64 /Users/00b/Desktop/homebrew/BrewPackageManager/BrewPackageManager/BrewPackageManager/Brew/BrewLocator.swift (in target 'BrewPackageManager' from project 'BrewPackageManager')
    cd /Users/00b/Desktop/homebrew/BrewPackageManager/BrewPackageManager
    

SwiftCompile normal arm64 /Users/00b/Desktop/homebrew/BrewPackageManager/BrewPackageManager/BrewPackageManager/Brew/BrewLocatorError.swift (in target 'BrewPackageManager' from project 'BrewPackageManager')
    cd /Users/00b/Desktop/homebrew/BrewPackageManager/BrewPackageManager
    

SwiftCompile normal arm64 /Users/00b/Desktop/homebrew/BrewPackageManager/BrewPackageManager/BrewPackageManager/Brew/BrewPackage.swift (in target 'BrewPackageManager' from project 'BrewPackageManager')
    cd /Users/00b/Desktop/homebrew/BrewPackageManager/BrewPackageManager
    

SwiftCompile normal arm64 /Users/00b/Desktop/homebrew/BrewPackageManager/BrewPackageManager/BrewPackageManager/Brew/BrewPackageInfo.swift (in target 'BrewPackageManager' from project 'BrewPackageManager')
    cd /Users/00b/Desktop/homebrew/BrewPackageManager/BrewPackageManager
    

SwiftCompile normal arm64 /Users/00b/Desktop/homebrew/BrewPackageManager/BrewPackageManager/BrewPackageManager/Brew/BrewPackagesArgumentsBuilder.swift (in target 'BrewPackageManager' from project 'BrewPackageManager')
    cd /Users/00b/Desktop/homebrew/BrewPackageManager/BrewPackageManager
    

SwiftCompile normal arm64 /Users/00b/Desktop/homebrew/BrewPackageManager/BrewPackageManager/BrewPackageManager/Brew/BrewPackagesClient.swift (in target 'BrewPackageManager' from project 'BrewPackageManager')
    cd /Users/00b/Desktop/homebrew/BrewPackageManager/BrewPackageManager
    

SwiftCompile normal arm64 Compiling\ MenuBarRoute.swift,\ MenuRowButton.swift,\ PackageInfoView.swift,\ PackageMenuItemView.swift,\ PackagesSectionView.swift /Users/00b/Desktop/homebrew/BrewPackageManager/BrewPackageManager/BrewPackageManager/MenuBar/MenuBarRoute.swift /Users/00b/Desktop/homebrew/BrewPackageManager/BrewPackageManager/BrewPackageManager/MenuBar/MenuRowButton.swift /Users/00b/Desktop/homebrew/BrewPackageManager/BrewPackageManager/BrewPackageManager/MenuBar/PackageInfoView.swift /Users/00b/Desktop/homebrew/BrewPackageManager/BrewPackageManager/BrewPackageManager/MenuBar/PackageMenuItemView.swift /Users/00b/Desktop/homebrew/BrewPackageManager/BrewPackageManager/BrewPackageManager/MenuBar/PackagesSectionView.swift (in target 'BrewPackageManager' from project 'BrewPackageManager')

SwiftCompile normal arm64 /Users/00b/Desktop/homebrew/BrewPackageManager/BrewPackageManager/BrewPackageManager/MenuBar/MenuBarRoute.swift (in target 'BrewPackageManager' from project 'BrewPackageManager')
    cd /Users/00b/Desktop/homebrew/BrewPackageManager/BrewPackageManager
    
/Users/00b/Desktop/homebrew/BrewPackageManager/BrewPackageManager/BrewPackageManager/MenuBar/MenuBarRoute.swift:8:6: error: type 'MenuBarRoute' does not conform to protocol 'Equatable'
enum MenuBarRoute: Equatable {
     ^
/Users/00b/Desktop/homebrew/BrewPackageManager/BrewPackageManager/BrewPackageManager/MenuBar/MenuBarRoute.swift:11:22: note: associated value type 'BrewPackageInfo' does not conform to protocol 'Equatable', preventing synthesized conformance of 'MenuBarRoute' to 'Equatable'
    case packageInfo(BrewPackageInfo)
                     ^
Swift.==:1:24: note: candidate would match if 'MenuBarRoute' conformed to 'RawRepresentable'
@inlinable public func == <T>(lhs: T, rhs: T) -> Bool where T : RawRepresentable, T.RawValue : Equatable
                       ^
Swift.FloatingPoint.==:2:20: note: candidate would match if 'MenuBarRoute' conformed to 'FloatingPoint'
public static func == (lhs: Self, rhs: Self) -> Bool}
                   ^
Swift.BinaryInteger.==:2:20: note: candidate would match if 'MenuBarRoute' conformed to 'BinaryInteger'
public static func == <Other>(lhs: Self, rhs: Other) -> Bool where Other : BinaryInteger}
                   ^
Swift._Pointer.==:2:20: note: candidate would match if 'MenuBarRoute' conformed to '_Pointer'
public static func == (lhs: Self, rhs: Self) -> Bool}
                   ^
Swift._Pointer.==:2:31: note: candidate would match if 'MenuBarRoute' conformed to '_Pointer'
@inlinable public static func == <Other>(lhs: Self, rhs: Other) -> Bool where Other : _Pointer}
                              ^
Swift.Strideable.==:2:31: note: candidate would match if 'MenuBarRoute' conformed to 'Strideable'
@inlinable public static func == (x: Self, y: Self) -> Bool}
                              ^
Swift.StringProtocol.==:2:31: note: candidate would match if 'MenuBarRoute' conformed to 'StringProtocol'
@inlinable public static func == <RHS>(lhs: Self, rhs: RHS) -> Bool where RHS : StringProtocol}
                              ^
Swift.SIMD.==:2:20: note: candidate would match if 'MenuBarRoute' conformed to 'SIMD'
public static func == (a: Self, b: Self) -> Bool}
                   ^
Foundation.AttributedStringProtocol.==:2:20: note: candidate would match if 'MenuBarRoute' conformed to 'AttributedStringProtocol'
public static func == <RHS>(lhs: Self, rhs: RHS) -> Bool where RHS : AttributedStringProtocol}
                   ^
Foundation._BridgedStoredNSError.==:2:20: note: candidate would match if 'MenuBarRoute' conformed to '_BridgedStoredNSError'
public static func == (lhs: Self, rhs: Self) -> Bool}
                   ^
CoreFoundation._CFObject.==:2:20: note: candidate would match if 'MenuBarRoute' conformed to '_CFObject'
public static func == (left: Self, right: Self) -> Bool}
                   ^
/Users/00b/Desktop/homebrew/BrewPackageManager/BrewPackageManager/BrewPackageManager/MenuBar/MenuBarRoute.swift:8:6: note: add stubs for conformance
enum MenuBarRoute: Equatable {
     ^
Swift.Equatable.==:2:13: note: protocol requires function '==' with type '(MenuBarRoute, MenuBarRoute) -> Bool'
static func == (lhs: Self, rhs: Self) -> Bool}
            ^

SwiftCompile normal arm64 /Users/00b/Desktop/homebrew/BrewPackageManager/BrewPackageManager/BrewPackageManager/MenuBar/MenuRowButton.swift (in target 'BrewPackageManager' from project 'BrewPackageManager')
    cd /Users/00b/Desktop/homebrew/BrewPackageManager/BrewPackageManager
    

SwiftCompile normal arm64 /Users/00b/Desktop/homebrew/BrewPackageManager/BrewPackageManager/BrewPackageManager/MenuBar/PackageInfoView.swift (in target 'BrewPackageManager' from project 'BrewPackageManager')
    cd /Users/00b/Desktop/homebrew/BrewPackageManager/BrewPackageManager
    
/Users/00b/Desktop/homebrew/BrewPackageManager/BrewPackageManager/BrewPackageManager/MenuBar/PackageInfoView.swift:25:45: error: missing argument for parameter 'title' in call
                        PanelSectionCardView {
                                            ^
                                            (title: <#LocalizedStringKey#>)
/Users/00b/Desktop/homebrew/BrewPackageManager/BrewPackageManager/BrewPackageManager/Components/PanelSectionCardView.swift:8:5: note: 'init(title:subtitle:content:)' declared here
    init(
    ^

SwiftCompile normal arm64 /Users/00b/Desktop/homebrew/BrewPackageManager/BrewPackageManager/BrewPackageManager/MenuBar/PackageMenuItemView.swift (in target 'BrewPackageManager' from project 'BrewPackageManager')
    cd /Users/00b/Desktop/homebrew/BrewPackageManager/BrewPackageManager
    

SwiftCompile normal arm64 /Users/00b/Desktop/homebrew/BrewPackageManager/BrewPackageManager/BrewPackageManager/MenuBar/PackagesSectionView.swift (in target 'BrewPackageManager' from project 'BrewPackageManager')
    cd /Users/00b/Desktop/homebrew/BrewPackageManager/BrewPackageManager
    

SwiftCompile normal arm64 Compiling\ EmptyStateView.swift,\ ErrorView.swift,\ MainMenuContentView.swift,\ MenuBarHeaderView.swift,\ MenuBarRootView.swift /Users/00b/Desktop/homebrew/BrewPackageManager/BrewPackageManager/BrewPackageManager/MenuBar/EmptyStateView.swift /Users/00b/Desktop/homebrew/BrewPackageManager/BrewPackageManager/BrewPackageManager/MenuBar/ErrorView.swift /Users/00b/Desktop/homebrew/BrewPackageManager/BrewPackageManager/BrewPackageManager/MenuBar/MainMenuContentView.swift /Users/00b/Desktop/homebrew/BrewPackageManager/BrewPackageManager/BrewPackageManager/MenuBar/MenuBarHeaderView.swift /Users/00b/Desktop/homebrew/BrewPackageManager/BrewPackageManager/BrewPackageManager/MenuBar/MenuBarRootView.swift (in target 'BrewPackageManager' from project 'BrewPackageManager')
Failed frontend command:
/Applications/Xcode.app/Contents/Developer/Toolchains/XcodeDefault.xctoolchain/usr/bin/swift-frontend -frontend -c /Users/00b/Desktop/homebrew/BrewPackageManager/BrewPackageManager/BrewPackageManager/Brew/BrewLocator.swift /Users/00b/Desktop/homebrew/BrewPackageManager/BrewPackageManager/BrewPackageManager/Brew/BrewLocatorError.swift /Users/00b/Desktop/homebrew/BrewPackageManager/BrewPackageManager/BrewPackageManager/Brew/BrewPackage.swift /Users/00b/Desktop/homebrew/BrewPackageManager/BrewPackageManager/BrewPackageManager/Brew/BrewPackageInfo.swift /Users/00b/Desktop/homebrew/BrewPackageManager/BrewPackageManager/BrewPackageManager/Brew/BrewPackagesArgumentsBuilder.swift /Users/00b/Desktop/homebrew/BrewPackageManager/BrewPackageManager/BrewPackageManager/Brew/BrewPackagesClient.swift /Users/00b/Desktop/homebrew/BrewPackageManager/BrewPackageManager/BrewPackageManager/Brew/BrewPackagesClientProtocol.swift /Users/00b/Desktop/homebrew/BrewPackageManager/BrewPackageManager/BrewPackageManager/Brew/PackageType.swift /Users/00b/Desktop/homebrew/BrewPackageManager/BrewPackageManager/BrewPackageManager/Components/MenuSectionLabel.swift /Users/00b/Desktop/homebrew/BrewPackageManager/BrewPackageManager/BrewPackageManager/Components/PanelHeaderView.swift /Users/00b/Desktop/homebrew/BrewPackageManager/BrewPackageManager/BrewPackageManager/Components/PanelSectionCardView.swift /Users/00b/Desktop/homebrew/BrewPackageManager/BrewPackageManager/BrewPackageManager/Design/AccentGradient.swift /Users/00b/Desktop/homebrew/BrewPackageManager/BrewPackageManager/BrewPackageManager/Design/GlassBackgroundModifier.swift /Users/00b/Desktop/homebrew/BrewPackageManager/BrewPackageManager/BrewPackageManager/Design/HoverHighlightModifier.swift /Users/00b/Desktop/homebrew/BrewPackageManager/BrewPackageManager/BrewPackageManager/Design/LayoutConstants.swift /Users/00b/Desktop/homebrew/BrewPackageManager/BrewPackageManager/BrewPackageManager/Design/SectionContainerModifier.swift /Users/00b/Desktop/homebrew/BrewPackageManager/BrewPackageManager/BrewPackageManager/Design/StatusBadge.swift -primary-file /Users/00b/Desktop/homebrew/BrewPackageManager/BrewPackageManager/BrewPackageManager/MenuBar/EmptyStateView.swift -primary-file /Users/00b/Desktop/homebrew/BrewPackageManager/BrewPackageManager/BrewPackageManager/MenuBar/ErrorView.swift -primary-file /Users/00b/Desktop/homebrew/BrewPackageManager/BrewPackageManager/BrewPackageManager/MenuBar/MainMenuContentView.swift -primary-file /Users/00b/Desktop/homebrew/BrewPackageManager/BrewPackageManager/BrewPackageManager/MenuBar/MenuBarHeaderView.swift -primary-file /Users/00b/Desktop/homebrew/BrewPackageManager/BrewPackageManager/BrewPackageManager/MenuBar/MenuBarRootView.swift /Users/00b/Desktop/homebrew/BrewPackageManager/BrewPackageManager/BrewPackageManager/MenuBar/MenuBarRoute.swift /Users/00b/Desktop/homebrew/BrewPackageManager/BrewPackageManager/BrewPackageManager/MenuBar/MenuRowButton.swift /Users/00b/Desktop/homebrew/BrewPackageManager/BrewPackageManager/BrewPackageManager/MenuBar/PackageInfoView.swift /Users/00b/Desktop/homebrew/BrewPackageManager/BrewPackageManager/BrewPackageManager/MenuBar/PackageMenuItemView.swift /Users/00b/Desktop/homebrew/BrewPackageManager/BrewPackageManager/BrewPackageManager/MenuBar/PackagesSectionView.swift /Users/00b/Desktop/homebrew/BrewPackageManager/BrewPackageManager/BrewPackageManager/MenuBar/UpdateActionsSectionView.swift /Users/00b/Desktop/homebrew/BrewPackageManager/BrewPackageManager/BrewPackageManager/Packages/AppError.swift /Users/00b/Desktop/homebrew/BrewPackageManager/BrewPackageManager/BrewPackageManager/Packages/PackageOperation.swift /Users/00b/Desktop/homebrew/BrewPackageManager/BrewPackageManager/BrewPackageManager/Packages/PackageOperationStatus.swift /Users/00b/Desktop/homebrew/BrewPackageManager/BrewPackageManager/BrewPackageManager/Packages/PackagesDiskCache.swift /Users/00b/Desktop/homebrew/BrewPackageManager/BrewPackageManager/BrewPackageManager/Packages/PackagesState.swift /Users/00b/Desktop/homebrew/BrewPackageManager/BrewPackageManager/BrewPackageManager/Packages/PackagesStore.swift /Users/00b/Desktop/homebrew/BrewPackageManager/BrewPackageManager/BrewPackageManager/Settings/AppSettings.swift /Users/00b/Desktop/homebrew/BrewPackageManager/BrewPackageManager/BrewPackageManager/Settings/SettingsView.swift /Users/00b/Desktop/homebrew/BrewPackageManager/BrewPackageManager/BrewPackageManager/Shell/CommandExecutor.swift /Users/00b/Desktop/homebrew/BrewPackageManager/BrewPackageManager/BrewPackageManager/Shell/CommandExecutorError.swift /Users/00b/Desktop/homebrew/BrewPackageManager/BrewPackageManager/BrewPackageManager/Shell/CommandResult.swift /Users/00b/Desktop/homebrew/BrewPackageManager/BrewPackageManager/BrewPackageManager/Utilities/AppKitBridge.swift /Users/00b/Desktop/homebrew/BrewPackageManager/BrewPackageManager/BrewPackageManager/BrewPackageManagerApp.swift /Users/00b/Library/Developer/Xcode/DerivedData/BrewPackageManager-bupfwhlthlwasaebrplbxtjhofih/Build/Intermediates.noindex/BrewPackageManager.build/Debug/BrewPackageManager.build/DerivedSources/GeneratedAssetSymbols.swift -supplementary-output-file-map /Users/00b/Library/Developer/Xcode/DerivedData/BrewPackageManager-bupfwhlthlwasaebrplbxtjhofih/Build/Intermediates.noindex/BrewPackageManager.build/Debug/BrewPackageManager.build/Objects-normal/arm64/supplementaryOutputs-4 -emit-localized-strings -emit-localized-strings-path /Users/00b/Library/Developer/Xcode/DerivedData/BrewPackageManager-bupfwhlthlwasaebrplbxtjhofih/Build/Intermediates.noindex/BrewPackageManager.build/Debug/BrewPackageManager.build/Objects-normal/arm64 -target arm64-apple-macos26.2 -module-can-import-version AppKit 2685.30.107 2685.30.107 -module-can-import-version DeveloperToolsSupport 23.0.4 23.0.4 -module-can-import-version SwiftUI 7.2.5.1 7.2.5 -load-resolved-plugin /Applications/Xcode.app/Contents/Developer/Platforms/MacOSX.platform/Developer/usr/lib/swift/host/plugins/libFoundationMacros.dylib\#/Applications/Xcode.app/Contents/Developer/Platforms/MacOSX.platform/Developer/usr/bin/swift-plugin-server\#FoundationMacros -load-resolved-plugin /Applications/Xcode.app/Contents/Developer/Platforms/MacOSX.platform/Developer/usr/lib/swift/host/plugins/libObservationMacros.dylib\#/Applications/Xcode.app/Contents/Developer/Platforms/MacOSX.platform/Developer/usr/bin/swift-plugin-server\#ObservationMacros -load-resolved-plugin /Applications/Xcode.app/Contents/Developer/Platforms/MacOSX.platform/Developer/usr/lib/swift/host/plugins/libPreviewsMacros.dylib\#/Applications/Xcode.app/Contents/Developer/Platforms/MacOSX.platform/Developer/usr/bin/swift-plugin-server\#PreviewsMacros -load-resolved-plugin /Applications/Xcode.app/Contents/Developer/Platforms/MacOSX.platform/Developer/usr/lib/swift/host/plugins/libSwiftMacros.dylib\#/Applications/Xcode.app/Contents/Developer/Platforms/MacOSX.platform/Developer/usr/bin/swift-plugin-server\#SwiftMacros -load-resolved-plugin /Applications/Xcode.app/Contents/Developer/Platforms/MacOSX.platform/Developer/usr/lib/swift/host/plugins/libSwiftUIMacros.dylib\#/Applications/Xcode.app/Contents/Developer/Platforms/MacOSX.platform/Developer/usr/bin/swift-plugin-server\#SwiftUIMacros -disable-implicit-swift-modules -Xcc -fno-implicit-modules -Xcc -fno-implicit-module-maps -explicit-swift-module-map-file /Users/00b/Library/Developer/Xcode/DerivedData/BrewPackageManager-bupfwhlthlwasaebrplbxtjhofih/Build/Intermediates.noindex/BrewPackageManager.build/Debug/BrewPackageManager.build/Objects-normal/arm64/BrewPackageManager-dependencies-1.json -Xllvm -aarch64-use-tbi -enable-objc-interop -stack-check -sdk /Applications/Xcode.app/Contents/Developer/Platforms/MacOSX.platform/Developer/SDKs/MacOSX26.2.sdk -I /Users/00b/Library/Developer/Xcode/DerivedData/BrewPackageManager-bupfwhlthlwasaebrplbxtjhofih/Build/Products/Debug -F /Users/00b/Library/Developer/Xcode/DerivedData/BrewPackageManager-bupfwhlthlwasaebrplbxtjhofih/Build/Products/Debug -no-color-diagnostics -Xcc -fno-color-diagnostics -enable-testing -g -debug-info-format\=dwarf -dwarf-version\=5 -module-cache-path /Users/00b/Library/Developer/Xcode/DerivedData/BrewPackageManager-bupfwhlthlwasaebrplbxtjhofih/Build/Intermediates.noindex/SwiftExplicitPrecompiledModules -profile-generate -profile-coverage-mapping -swift-version 5 -enforce-exclusivity\=checked -Onone -D DEBUG -serialize-debugging-options -const-gather-protocols-file /Users/00b/Library/Developer/Xcode/DerivedData/BrewPackageManager-bupfwhlthlwasaebrplbxtjhofih/Build/Intermediates.noindex/BrewPackageManager.build/Debug/BrewPackageManager.build/Objects-normal/arm64/BrewPackageManager_const_extract_protocols.json -enable-upcoming-feature DisableOutwardActorInference -enable-upcoming-feature InferSendableFromCaptures -enable-upcoming-feature GlobalActorIsolatedTypesUsability -enable-upcoming-feature MemberImportVisibility -enable-upcoming-feature InferIsolatedConformances -enable-upcoming-feature NonisolatedNonsendingByDefault -enable-experimental-feature DebugDescriptionMacro -enable-bare-slash-regex -default-isolation\=MainActor -empty-abi-descriptor -validate-clang-modules-once -clang-build-session-file /Users/00b/Library/Developer/Xcode/DerivedData/ModuleCache.noindex/Session.modulevalidation -Xcc -working-directory -Xcc /Users/00b/Desktop/homebrew/BrewPackageManager/BrewPackageManager -enable-anonymous-context-mangled-names -file-compilation-dir /Users/00b/Desktop/homebrew/BrewPackageManager/BrewPackageManager -Xcc -D_LIBCPP_HARDENING_MODE\=_LIBCPP_HARDENING_MODE_DEBUG -Xcc -ivfsstatcache -Xcc /Users/00b/Library/Developer/Xcode/DerivedData/SDKStatCaches.noindex/macosx26.2-25C57-00fa09913b459cbbc988d1f6730289ae.sdkstatcache -Xcc -I/Users/00b/Library/Developer/Xcode/DerivedData/BrewPackageManager-bupfwhlthlwasaebrplbxtjhofih/Build/Intermediates.noindex/BrewPackageManager.build/Debug/BrewPackageManager.build/swift-overrides.hmap -Xcc -iquote -Xcc /Users/00b/Library/Developer/Xcode/DerivedData/BrewPackageManager-bupfwhlthlwasaebrplbxtjhofih/Build/Intermediates.noindex/BrewPackageManager.build/Debug/BrewPackageManager.build/BrewPackageManager-generated-files.hmap -Xcc -I/Users/00b/Library/Developer/Xcode/DerivedData/BrewPackageManager-bupfwhlthlwasaebrplbxtjhofih/Build/Intermediates.noindex/BrewPackageManager.build/Debug/BrewPackageManager.build/BrewPackageManager-own-target-headers.hmap -Xcc -I/Users/00b/Library/Developer/Xcode/DerivedData/BrewPackageManager-bupfwhlthlwasaebrplbxtjhofih/Build/Intermediates.noindex/BrewPackageManager.build/Debug/BrewPackageManager.build/BrewPackageManager-all-target-headers.hmap -Xcc -iquote -Xcc /Users/00b/Library/Developer/Xcode/DerivedData/BrewPackageManager-bupfwhlthlwasaebrplbxtjhofih/Build/Intermediates.noindex/BrewPackageManager.build/Debug/BrewPackageManager.build/BrewPackageManager-project-headers.hmap -Xcc -I/Users/00b/Library/Developer/Xcode/DerivedData/BrewPackageManager-bupfwhlthlwasaebrplbxtjhofih/Build/Products/Debug/include -Xcc -I/Users/00b/Library/Developer/Xcode/DerivedData/BrewPackageManager-bupfwhlthlwasaebrplbxtjhofih/Build/Intermediates.noindex/BrewPackageManager.build/Debug/BrewPackageManager.build/DerivedSources-normal/arm64 -Xcc -I/Users/00b/Library/Developer/Xcode/DerivedData/BrewPackageManager-bupfwhlthlwasaebrplbxtjhofih/Build/Intermediates.noindex/BrewPackageManager.build/Debug/BrewPackageManager.build/DerivedSources/arm64 -Xcc -I/Users/00b/Library/Developer/Xcode/DerivedData/BrewPackageManager-bupfwhlthlwasaebrplbxtjhofih/Build/Intermediates.noindex/BrewPackageManager.build/Debug/BrewPackageManager.build/DerivedSources -Xcc -DDEBUG\=1 -no-auto-bridging-header-chaining -module-name BrewPackageManager -frontend-parseable-output -disable-clang-spi -target-sdk-version 26.2 -target-sdk-name macosx26.2 -clang-target arm64-apple-macos26.2 -in-process-plugin-server-path /Applications/Xcode.app/Contents/Developer/Toolchains/XcodeDefault.xctoolchain/usr/lib/swift/host/libSwiftInProcPluginServer.dylib -o /Users/00b/Library/Developer/Xcode/DerivedData/BrewPackageManager-bupfwhlthlwasaebrplbxtjhofih/Build/Intermediates.noindex/BrewPackageManager.build/Debug/BrewPackageManager.build/Objects-normal/arm64/EmptyStateView.o -o /Users/00b/Library/Developer/Xcode/DerivedData/BrewPackageManager-bupfwhlthlwasaebrplbxtjhofih/Build/Intermediates.noindex/BrewPackageManager.build/Debug/BrewPackageManager.build/Objects-normal/arm64/ErrorView.o -o /Users/00b/Library/Developer/Xcode/DerivedData/BrewPackageManager-bupfwhlthlwasaebrplbxtjhofih/Build/Intermediates.noindex/BrewPackageManager.build/Debug/BrewPackageManager.build/Objects-normal/arm64/MainMenuContentView.o -o /Users/00b/Library/Developer/Xcode/DerivedData/BrewPackageManager-bupfwhlthlwasaebrplbxtjhofih/Build/Intermediates.noindex/BrewPackageManager.build/Debug/BrewPackageManager.build/Objects-normal/arm64/MenuBarHeaderView.o -o /Users/00b/Library/Developer/Xcode/DerivedData/BrewPackageManager-bupfwhlthlwasaebrplbxtjhofih/Build/Intermediates.noindex/BrewPackageManager.build/Debug/BrewPackageManager.build/Objects-normal/arm64/MenuBarRootView.o -index-unit-output-path /BrewPackageManager.build/Debug/BrewPackageManager.build/Objects-normal/arm64/EmptyStateView.o -index-unit-output-path /BrewPackageManager.build/Debug/BrewPackageManager.build/Objects-normal/arm64/ErrorView.o -index-unit-output-path /BrewPackageManager.build/Debug/BrewPackageManager.build/Objects-normal/arm64/MainMenuContentView.o -index-unit-output-path /BrewPackageManager.build/Debug/BrewPackageManager.build/Objects-normal/arm64/MenuBarHeaderView.o -index-unit-output-path /BrewPackageManager.build/Debug/BrewPackageManager.build/Objects-normal/arm64/MenuBarRootView.o -index-store-path /Users/00b/Library/Developer/Xcode/DerivedData/BrewPackageManager-bupfwhlthlwasaebrplbxtjhofih/Index.noindex/DataStore -index-system-modules

SwiftCompile normal arm64 /Users/00b/Desktop/homebrew/BrewPackageManager/BrewPackageManager/BrewPackageManager/MenuBar/EmptyStateView.swift (in target 'BrewPackageManager' from project 'BrewPackageManager')
    cd /Users/00b/Desktop/homebrew/BrewPackageManager/BrewPackageManager
    

SwiftCompile normal arm64 /Users/00b/Desktop/homebrew/BrewPackageManager/BrewPackageManager/BrewPackageManager/MenuBar/ErrorView.swift (in target 'BrewPackageManager' from project 'BrewPackageManager')
    cd /Users/00b/Desktop/homebrew/BrewPackageManager/BrewPackageManager
    

SwiftCompile normal arm64 /Users/00b/Desktop/homebrew/BrewPackageManager/BrewPackageManager/BrewPackageManager/MenuBar/MainMenuContentView.swift (in target 'BrewPackageManager' from project 'BrewPackageManager')
    cd /Users/00b/Desktop/homebrew/BrewPackageManager/BrewPackageManager
    

SwiftCompile normal arm64 /Users/00b/Desktop/homebrew/BrewPackageManager/BrewPackageManager/BrewPackageManager/MenuBar/MenuBarHeaderView.swift (in target 'BrewPackageManager' from project 'BrewPackageManager')
    cd /Users/00b/Desktop/homebrew/BrewPackageManager/BrewPackageManager
    

SwiftCompile normal arm64 /Users/00b/Desktop/homebrew/BrewPackageManager/BrewPackageManager/BrewPackageManager/MenuBar/MenuBarRootView.swift (in target 'BrewPackageManager' from project 'BrewPackageManager')
    cd /Users/00b/Desktop/homebrew/BrewPackageManager/BrewPackageManager
    
/Users/00b/Desktop/homebrew/BrewPackageManager/BrewPackageManager/BrewPackageManager/MenuBar/MenuBarRootView.swift:25:25: error: type 'MenuBarRoute' does not conform to protocol 'Equatable'
    var body: some View {
                        ^

SwiftCompile normal arm64 Compiling\ CommandExecutorError.swift,\ CommandResult.swift,\ AppKitBridge.swift,\ BrewPackageManagerApp.swift,\ GeneratedAssetSymbols.swift /Users/00b/Desktop/homebrew/BrewPackageManager/BrewPackageManager/BrewPackageManager/Shell/CommandExecutorError.swift /Users/00b/Desktop/homebrew/BrewPackageManager/BrewPackageManager/BrewPackageManager/Shell/CommandResult.swift /Users/00b/Desktop/homebrew/BrewPackageManager/BrewPackageManager/BrewPackageManager/Utilities/AppKitBridge.swift /Users/00b/Desktop/homebrew/BrewPackageManager/BrewPackageManager/BrewPackageManager/BrewPackageManagerApp.swift /Users/00b/Library/Developer/Xcode/DerivedData/BrewPackageManager-bupfwhlthlwasaebrplbxtjhofih/Build/Intermediates.noindex/BrewPackageManager.build/Debug/BrewPackageManager.build/DerivedSources/GeneratedAssetSymbols.swift (in target 'BrewPackageManager' from project 'BrewPackageManager')

SwiftCompile normal arm64 /Users/00b/Desktop/homebrew/BrewPackageManager/BrewPackageManager/BrewPackageManager/Shell/CommandExecutorError.swift (in target 'BrewPackageManager' from project 'BrewPackageManager')
    cd /Users/00b/Desktop/homebrew/BrewPackageManager/BrewPackageManager
    

SwiftCompile normal arm64 /Users/00b/Desktop/homebrew/BrewPackageManager/BrewPackageManager/BrewPackageManager/Shell/CommandResult.swift (in target 'BrewPackageManager' from project 'BrewPackageManager')
    cd /Users/00b/Desktop/homebrew/BrewPackageManager/BrewPackageManager
    

SwiftCompile normal arm64 /Users/00b/Desktop/homebrew/BrewPackageManager/BrewPackageManager/BrewPackageManager/Utilities/AppKitBridge.swift (in target 'BrewPackageManager' from project 'BrewPackageManager')
    cd /Users/00b/Desktop/homebrew/BrewPackageManager/BrewPackageManager
    

SwiftCompile normal arm64 /Users/00b/Desktop/homebrew/BrewPackageManager/BrewPackageManager/BrewPackageManager/BrewPackageManagerApp.swift (in target 'BrewPackageManager' from project 'BrewPackageManager')
    cd /Users/00b/Desktop/homebrew/BrewPackageManager/BrewPackageManager
    

SwiftCompile normal arm64 /Users/00b/Library/Developer/Xcode/DerivedData/BrewPackageManager-bupfwhlthlwasaebrplbxtjhofih/Build/Intermediates.noindex/BrewPackageManager.build/Debug/BrewPackageManager.build/DerivedSources/GeneratedAssetSymbols.swift (in target 'BrewPackageManager' from project 'BrewPackageManager')
    cd /Users/00b/Desktop/homebrew/BrewPackageManager/BrewPackageManager
    

SwiftCompile normal arm64 Compiling\ UpdateActionsSectionView.swift,\ AppError.swift,\ PackageOperation.swift,\ PackageOperationStatus.swift,\ PackagesDiskCache.swift /Users/00b/Desktop/homebrew/BrewPackageManager/BrewPackageManager/BrewPackageManager/MenuBar/UpdateActionsSectionView.swift /Users/00b/Desktop/homebrew/BrewPackageManager/BrewPackageManager/BrewPackageManager/Packages/AppError.swift /Users/00b/Desktop/homebrew/BrewPackageManager/BrewPackageManager/BrewPackageManager/Packages/PackageOperation.swift /Users/00b/Desktop/homebrew/BrewPackageManager/BrewPackageManager/BrewPackageManager/Packages/PackageOperationStatus.swift /Users/00b/Desktop/homebrew/BrewPackageManager/BrewPackageManager/BrewPackageManager/Packages/PackagesDiskCache.swift (in target 'BrewPackageManager' from project 'BrewPackageManager')

SwiftCompile normal arm64 /Users/00b/Desktop/homebrew/BrewPackageManager/BrewPackageManager/BrewPackageManager/MenuBar/UpdateActionsSectionView.swift (in target 'BrewPackageManager' from project 'BrewPackageManager')
    cd /Users/00b/Desktop/homebrew/BrewPackageManager/BrewPackageManager
    

SwiftCompile normal arm64 /Users/00b/Desktop/homebrew/BrewPackageManager/BrewPackageManager/BrewPackageManager/Packages/AppError.swift (in target 'BrewPackageManager' from project 'BrewPackageManager')
    cd /Users/00b/Desktop/homebrew/BrewPackageManager/BrewPackageManager
    

SwiftCompile normal arm64 /Users/00b/Desktop/homebrew/BrewPackageManager/BrewPackageManager/BrewPackageManager/Packages/PackageOperation.swift (in target 'BrewPackageManager' from project 'BrewPackageManager')
    cd /Users/00b/Desktop/homebrew/BrewPackageManager/BrewPackageManager
    

SwiftCompile normal arm64 /Users/00b/Desktop/homebrew/BrewPackageManager/BrewPackageManager/BrewPackageManager/Packages/PackageOperationStatus.swift (in target 'BrewPackageManager' from project 'BrewPackageManager')
    cd /Users/00b/Desktop/homebrew/BrewPackageManager/BrewPackageManager
    

SwiftCompile normal arm64 /Users/00b/Desktop/homebrew/BrewPackageManager/BrewPackageManager/BrewPackageManager/Packages/PackagesDiskCache.swift (in target 'BrewPackageManager' from project 'BrewPackageManager')
    cd /Users/00b/Desktop/homebrew/BrewPackageManager/BrewPackageManager
    

SwiftCompile normal arm64 Compiling\ GlassBackgroundModifier.swift,\ HoverHighlightModifier.swift,\ LayoutConstants.swift,\ SectionContainerModifier.swift,\ StatusBadge.swift /Users/00b/Desktop/homebrew/BrewPackageManager/BrewPackageManager/BrewPackageManager/Design/GlassBackgroundModifier.swift /Users/00b/Desktop/homebrew/BrewPackageManager/BrewPackageManager/BrewPackageManager/Design/HoverHighlightModifier.swift /Users/00b/Desktop/homebrew/BrewPackageManager/BrewPackageManager/BrewPackageManager/Design/LayoutConstants.swift /Users/00b/Desktop/homebrew/BrewPackageManager/BrewPackageManager/BrewPackageManager/Design/SectionContainerModifier.swift /Users/00b/Desktop/homebrew/BrewPackageManager/BrewPackageManager/BrewPackageManager/Design/StatusBadge.swift (in target 'BrewPackageManager' from project 'BrewPackageManager')

SwiftCompile normal arm64 /Users/00b/Desktop/homebrew/BrewPackageManager/BrewPackageManager/BrewPackageManager/Design/GlassBackgroundModifier.swift (in target 'BrewPackageManager' from project 'BrewPackageManager')
    cd /Users/00b/Desktop/homebrew/BrewPackageManager/BrewPackageManager
    

SwiftCompile normal arm64 /Users/00b/Desktop/homebrew/BrewPackageManager/BrewPackageManager/BrewPackageManager/Design/HoverHighlightModifier.swift (in target 'BrewPackageManager' from project 'BrewPackageManager')
    cd /Users/00b/Desktop/homebrew/BrewPackageManager/BrewPackageManager
    

SwiftCompile normal arm64 /Users/00b/Desktop/homebrew/BrewPackageManager/BrewPackageManager/BrewPackageManager/Design/LayoutConstants.swift (in target 'BrewPackageManager' from project 'BrewPackageManager')
    cd /Users/00b/Desktop/homebrew/BrewPackageManager/BrewPackageManager
    

SwiftCompile normal arm64 /Users/00b/Desktop/homebrew/BrewPackageManager/BrewPackageManager/BrewPackageManager/Design/SectionContainerModifier.swift (in target 'BrewPackageManager' from project 'BrewPackageManager')
    cd /Users/00b/Desktop/homebrew/BrewPackageManager/BrewPackageManager
    

SwiftCompile normal arm64 /Users/00b/Desktop/homebrew/BrewPackageManager/BrewPackageManager/BrewPackageManager/Design/StatusBadge.swift (in target 'BrewPackageManager' from project 'BrewPackageManager')
    cd /Users/00b/Desktop/homebrew/BrewPackageManager/BrewPackageManager
    

LinkAssetCatalog /Users/00b/Desktop/homebrew/BrewPackageManager/BrewPackageManager/BrewPackageManager/Assets.xcassets (in target 'BrewPackageManager' from project 'BrewPackageManager')
    cd /Users/00b/Desktop/homebrew/BrewPackageManager/BrewPackageManager
    builtin-linkAssetCatalog --thinned /Users/00b/Library/Developer/Xcode/DerivedData/BrewPackageManager-bupfwhlthlwasaebrplbxtjhofih/Build/Intermediates.noindex/BrewPackageManager.build/Debug/BrewPackageManager.build/assetcatalog_output/thinned --thinned-dependencies /Users/00b/Library/Developer/Xcode/DerivedData/BrewPackageManager-bupfwhlthlwasaebrplbxtjhofih/Build/Intermediates.noindex/BrewPackageManager.build/Debug/BrewPackageManager.build/assetcatalog_dependencies_thinned --thinned-info-plist-content /Users/00b/Library/Developer/Xcode/DerivedData/BrewPackageManager-bupfwhlthlwasaebrplbxtjhofih/Build/Intermediates.noindex/BrewPackageManager.build/Debug/BrewPackageManager.build/assetcatalog_generated_info.plist_thinned --unthinned /Users/00b/Library/Developer/Xcode/DerivedData/BrewPackageManager-bupfwhlthlwasaebrplbxtjhofih/Build/Intermediates.noindex/BrewPackageManager.build/Debug/BrewPackageManager.build/assetcatalog_output/unthinned --unthinned-dependencies /Users/00b/Library/Developer/Xcode/DerivedData/BrewPackageManager-bupfwhlthlwasaebrplbxtjhofih/Build/Intermediates.noindex/BrewPackageManager.build/Debug/BrewPackageManager.build/assetcatalog_dependencies_unthinned --unthinned-info-plist-content /Users/00b/Library/Developer/Xcode/DerivedData/BrewPackageManager-bupfwhlthlwasaebrplbxtjhofih/Build/Intermediates.noindex/BrewPackageManager.build/Debug/BrewPackageManager.build/assetcatalog_generated_info.plist_unthinned --output /Users/00b/Library/Developer/Xcode/DerivedData/BrewPackageManager-bupfwhlthlwasaebrplbxtjhofih/Build/Products/Debug/BrewPackageManager.app/Contents/Resources --plist-output /Users/00b/Library/Developer/Xcode/DerivedData/BrewPackageManager-bupfwhlthlwasaebrplbxtjhofih/Build/Intermediates.noindex/BrewPackageManager.build/Debug/BrewPackageManager.build/assetcatalog_generated_info.plist

** BUILD FAILED **


The following build commands failed:
	SwiftCompile normal arm64 /Users/00b/Desktop/homebrew/BrewPackageManager/BrewPackageManager/BrewPackageManager/Components/MenuSectionLabel.swift (in target 'BrewPackageManager' from project 'BrewPackageManager')
	SwiftCompile normal arm64 Compiling\ BrewPackagesClientProtocol.swift,\ PackageType.swift,\ MenuSectionLabel.swift,\ PanelHeaderView.swift,\ PanelSectionCardView.swift,\ AccentGradient.swift /Users/00b/Desktop/homebrew/BrewPackageManager/BrewPackageManager/BrewPackageManager/Brew/BrewPackagesClientProtocol.swift /Users/00b/Desktop/homebrew/BrewPackageManager/BrewPackageManager/BrewPackageManager/Brew/PackageType.swift /Users/00b/Desktop/homebrew/BrewPackageManager/BrewPackageManager/BrewPackageManager/Components/MenuSectionLabel.swift /Users/00b/Desktop/homebrew/BrewPackageManager/BrewPackageManager/BrewPackageManager/Components/PanelHeaderView.swift /Users/00b/Desktop/homebrew/BrewPackageManager/BrewPackageManager/BrewPackageManager/Components/PanelSectionCardView.swift /Users/00b/Desktop/homebrew/BrewPackageManager/BrewPackageManager/BrewPackageManager/Design/AccentGradient.swift (in target 'BrewPackageManager' from project 'BrewPackageManager')
	SwiftCompile normal arm64 /Users/00b/Desktop/homebrew/BrewPackageManager/BrewPackageManager/BrewPackageManager/MenuBar/MenuBarRoute.swift (in target 'BrewPackageManager' from project 'BrewPackageManager')
	SwiftCompile normal arm64 /Users/00b/Desktop/homebrew/BrewPackageManager/BrewPackageManager/BrewPackageManager/MenuBar/PackageInfoView.swift (in target 'BrewPackageManager' from project 'BrewPackageManager')
	SwiftCompile normal arm64 Compiling\ EmptyStateView.swift,\ ErrorView.swift,\ MainMenuContentView.swift,\ MenuBarHeaderView.swift,\ MenuBarRootView.swift /Users/00b/Desktop/homebrew/BrewPackageManager/BrewPackageManager/BrewPackageManager/MenuBar/EmptyStateView.swift /Users/00b/Desktop/homebrew/BrewPackageManager/BrewPackageManager/BrewPackageManager/MenuBar/ErrorView.swift /Users/00b/Desktop/homebrew/BrewPackageManager/BrewPackageManager/BrewPackageManager/MenuBar/MainMenuContentView.swift /Users/00b/Desktop/homebrew/BrewPackageManager/BrewPackageManager/BrewPackageManager/MenuBar/MenuBarHeaderView.swift /Users/00b/Desktop/homebrew/BrewPackageManager/BrewPackageManager/BrewPackageManager/MenuBar/MenuBarRootView.swift (in target 'BrewPackageManager' from project 'BrewPackageManager')
	SwiftCompile normal arm64 /Users/00b/Desktop/homebrew/BrewPackageManager/BrewPackageManager/BrewPackageManager/MenuBar/MenuBarRootView.swift (in target 'BrewPackageManager' from project 'BrewPackageManager')
	Building project BrewPackageManager with scheme BrewPackageManager and configuration Debug
(7 failures)
